TN:
SF:client/src/utils/password-validation.ts
FN:33,validatePasswordStrength
FN:102,getPasswordCriteria
FN:109,(anonymous_2)
FN:118,getPasswordStrengthLabel
FN:137,getPasswordStrengthColor
FN:156,getPasswordStrengthBarColor
FNF:6
FNH:6
FNDA:1026,validatePasswordStrength
FNDA:1042,getPasswordCriteria
FNDA:1289,(anonymous_2)
FNDA:7,getPasswordStrengthLabel
FNDA:4,getPasswordStrengthColor
FNDA:4,getPasswordStrengthBarColor
DA:24,1
DA:33,1
DA:34,1026
DA:35,1026
DA:36,1026
DA:39,1026
DA:40,5
DA:42,1021
DA:46,1026
DA:47,10
DA:49,1016
DA:52,1026
DA:53,9
DA:55,1017
DA:58,1026
DA:59,7
DA:61,1019
DA:64,1026
DA:65,11
DA:67,1015
DA:71,1026
DA:72,1016
DA:74,10
DA:78,1026
DA:79,1014
DA:83,1026
DA:86,1026
DA:92,1026
DA:102,1
DA:103,1042
DA:110,1289
DA:118,1
DA:119,7
DA:122,2
DA:124,1
DA:126,1
DA:128,1
DA:130,2
DA:137,1
DA:138,4
DA:141,1
DA:143,1
DA:145,1
DA:147,1
DA:149,0
DA:156,1
DA:157,4
DA:160,1
DA:162,1
DA:164,1
DA:166,1
DA:168,0
LF:52
LH:50
BRDA:39,0,0,5
BRDA:39,0,1,1021
BRDA:46,1,0,10
BRDA:46,1,1,1016
BRDA:52,2,0,9
BRDA:52,2,1,1017
BRDA:58,3,0,7
BRDA:58,3,1,1019
BRDA:64,4,0,11
BRDA:64,4,1,1015
BRDA:71,5,0,1016
BRDA:71,5,1,10
BRDA:78,6,0,1014
BRDA:78,6,1,12
BRDA:86,7,0,1026
BRDA:86,7,1,1021
BRDA:86,7,2,1016
BRDA:86,7,3,1014
BRDA:86,7,4,1
BRDA:86,7,5,1014
BRDA:94,8,0,1021
BRDA:94,8,1,5
BRDA:119,9,0,1
BRDA:119,9,1,2
BRDA:119,9,2,1
BRDA:119,9,3,1
BRDA:119,9,4,1
BRDA:119,9,5,2
BRDA:138,10,0,1
BRDA:138,10,1,1
BRDA:138,10,2,1
BRDA:138,10,3,1
BRDA:138,10,4,1
BRDA:138,10,5,0
BRDA:157,11,0,1
BRDA:157,11,1,1
BRDA:157,11,2,1
BRDA:157,11,3,1
BRDA:157,11,4,1
BRDA:157,11,5,0
BRF:40
BRH:38
end_of_record
