TN:
SF:client/src/App.tsx
FN:13,(anonymous_6)
FN:13,(anonymous_7)
FN:14,(anonymous_8)
FN:14,(anonymous_9)
FN:15,(anonymous_10)
FN:15,(anonymous_11)
FN:16,(anonymous_12)
FN:16,(anonymous_13)
FN:17,(anonymous_14)
FN:17,(anonymous_15)
FN:18,(anonymous_16)
FN:18,(anonymous_17)
FN:21,(anonymous_18)
FN:21,(anonymous_19)
FN:22,(anonymous_20)
FN:22,(anonymous_21)
FN:23,(anonymous_22)
FN:23,(anonymous_23)
FN:24,(anonymous_24)
FN:24,(anonymous_25)
FN:25,(anonymous_26)
FN:25,(anonymous_27)
FN:28,(anonymous_28)
FN:28,(anonymous_29)
FN:29,(anonymous_30)
FN:29,(anonymous_31)
FN:30,(anonymous_32)
FN:30,(anonymous_33)
FN:31,(anonymous_34)
FN:31,(anonymous_35)
FN:34,(anonymous_36)
FN:34,(anonymous_37)
FN:35,(anonymous_38)
FN:35,(anonymous_39)
FN:36,(anonymous_40)
FN:36,(anonymous_41)
FN:39,(anonymous_42)
FN:39,(anonymous_43)
FN:40,(anonymous_44)
FN:40,(anonymous_45)
FN:43,(anonymous_46)
FN:43,(anonymous_47)
FN:49,Router
FN:115,App
FNF:44
FNH:0
FNDA:0,(anonymous_6)
FNDA:0,(anonymous_7)
FNDA:0,(anonymous_8)
FNDA:0,(anonymous_9)
FNDA:0,(anonymous_10)
FNDA:0,(anonymous_11)
FNDA:0,(anonymous_12)
FNDA:0,(anonymous_13)
FNDA:0,(anonymous_14)
FNDA:0,(anonymous_15)
FNDA:0,(anonymous_16)
FNDA:0,(anonymous_17)
FNDA:0,(anonymous_18)
FNDA:0,(anonymous_19)
FNDA:0,(anonymous_20)
FNDA:0,(anonymous_21)
FNDA:0,(anonymous_22)
FNDA:0,(anonymous_23)
FNDA:0,(anonymous_24)
FNDA:0,(anonymous_25)
FNDA:0,(anonymous_26)
FNDA:0,(anonymous_27)
FNDA:0,(anonymous_28)
FNDA:0,(anonymous_29)
FNDA:0,(anonymous_30)
FNDA:0,(anonymous_31)
FNDA:0,(anonymous_32)
FNDA:0,(anonymous_33)
FNDA:0,(anonymous_34)
FNDA:0,(anonymous_35)
FNDA:0,(anonymous_36)
FNDA:0,(anonymous_37)
FNDA:0,(anonymous_38)
FNDA:0,(anonymous_39)
FNDA:0,(anonymous_40)
FNDA:0,(anonymous_41)
FNDA:0,(anonymous_42)
FNDA:0,(anonymous_43)
FNDA:0,(anonymous_44)
FNDA:0,(anonymous_45)
FNDA:0,(anonymous_46)
FNDA:0,(anonymous_47)
FNDA:0,Router
FNDA:0,App
DA:1,0
DA:2,0
DA:3,0
DA:4,0
DA:5,0
DA:6,0
DA:7,0
DA:8,0
DA:9,0
DA:10,0
DA:13,0
DA:14,0
DA:15,0
DA:16,0
DA:17,0
DA:18,0
DA:21,0
DA:22,0
DA:23,0
DA:24,0
DA:25,0
DA:28,0
DA:29,0
DA:30,0
DA:31,0
DA:34,0
DA:35,0
DA:36,0
DA:39,0
DA:40,0
DA:43,0
DA:50,0
DA:52,0
DA:53,0
DA:56,0
DA:57,0
DA:66,0
DA:116,0
DA:130,0
LF:39
LH:0
BRDA:52,0,0,0
BRDA:52,0,1,0
BRDA:56,1,0,0
BRDA:56,1,1,0
BRF:4
BRH:0
end_of_record
TN:
SF:client/src/main.tsx
FNF:0
FNH:0
DA:1,0
DA:2,0
DA:3,0
DA:5,0
LF:4
LH:0
BRF:0
BRH:0
end_of_record
TN:
SF:client/src/components/dashboard/development-console.tsx
FN:9,DevelopmentConsole
FN:22,(anonymous_1)
FN:23,(anonymous_2)
FN:24,(anonymous_3)
FN:27,(anonymous_4)
FN:45,(anonymous_5)
FNF:6
FNH:0
FNDA:0,DevelopmentConsole
FNDA:0,(anonymous_1)
FNDA:0,(anonymous_2)
FNDA:0,(anonymous_3)
FNDA:0,(anonymous_4)
FNDA:0,(anonymous_5)
DA:1,0
DA:2,0
DA:3,0
DA:4,0
DA:9,0
DA:10,0
DA:11,0
DA:13,0
DA:22,0
DA:23,0
DA:24,0
DA:27,0
DA:30,0
DA:46,0
LF:14
LH:0
BRDA:24,0,0,0
BRDA:24,0,1,0
BRF:2
BRH:0
end_of_record
TN:
SF:client/src/components/dashboard/initialization-wizard.tsx
FN:6,InitializationWizard
FNF:1
FNH:0
FNDA:0,InitializationWizard
DA:1,0
DA:6,0
DA:7,0
DA:9,0
LF:4
LH:0
BRF:0
BRH:0
end_of_record
TN:
SF:client/src/components/dashboard/pillar-framework.tsx
FN:8,PillarFramework
FN:56,(anonymous_1)
FNF:2
FNH:0
FNDA:0,PillarFramework
FNDA:0,(anonymous_1)
DA:1,0
DA:2,0
DA:3,0
DA:8,0
DA:9,0
DA:11,0
DA:47,0
DA:57,0
LF:8
LH:0
BRDA:60,0,0,0
BRDA:60,0,1,0
BRDA:71,1,0,0
BRDA:71,1,1,0
BRDA:76,2,0,0
BRDA:76,2,1,0
BRF:6
BRH:0
end_of_record
TN:
SF:client/src/components/dashboard/quality-metrics.tsx
FN:27,QualityMetrics
FN:36,(anonymous_1)
FN:209,(anonymous_2)
FN:215,(anonymous_3)
FNF:4
FNH:0
FNDA:0,QualityMetrics
FNDA:0,(anonymous_1)
FNDA:0,(anonymous_2)
FNDA:0,(anonymous_3)
DA:1,0
DA:2,0
DA:3,0
DA:4,0
DA:5,0
DA:27,0
DA:28,0
DA:30,0
DA:36,0
DA:37,0
DA:38,0
DA:39,0
DA:40,0
DA:42,0
DA:43,0
DA:45,0
DA:48,0
DA:49,0
DA:50,0
DA:51,0
DA:53,0
DA:54,0
DA:56,0
DA:57,0
DA:59,0
DA:62,0
DA:63,0
DA:64,0
DA:66,0
DA:67,0
DA:69,0
DA:72,0
DA:73,0
DA:74,0
DA:75,0
DA:77,0
DA:78,0
DA:80,0
DA:84,0
DA:85,0
DA:86,0
DA:87,0
DA:89,0
DA:90,0
DA:92,0
DA:95,0
DA:96,0
DA:97,0
DA:98,0
DA:100,0
DA:101,0
DA:103,0
DA:106,0
DA:107,0
DA:108,0
DA:109,0
DA:111,0
DA:112,0
DA:114,0
DA:117,0
DA:118,0
DA:119,0
DA:120,0
DA:122,0
DA:123,0
DA:125,0
DA:128,0
DA:129,0
DA:130,0
DA:131,0
DA:133,0
DA:134,0
DA:136,0
DA:139,0
DA:142,0
DA:198,0
DA:210,0
DA:216,0
LF:78
LH:0
BRDA:37,0,0,0
BRDA:37,0,1,0
BRDA:39,1,0,0
BRDA:39,1,1,0
BRDA:42,2,0,0
BRDA:42,2,1,0
BRDA:48,3,0,0
BRDA:48,3,1,0
BRDA:50,4,0,0
BRDA:50,4,1,0
BRDA:53,5,0,0
BRDA:53,5,1,0
BRDA:56,6,0,0
BRDA:56,6,1,0
BRDA:62,7,0,0
BRDA:62,7,1,0
BRDA:63,8,0,0
BRDA:63,8,1,0
BRDA:66,9,0,0
BRDA:66,9,1,0
BRDA:72,10,0,0
BRDA:72,10,1,0
BRDA:74,11,0,0
BRDA:74,11,1,0
BRDA:77,12,0,0
BRDA:77,12,1,0
BRDA:84,13,0,0
BRDA:84,13,1,0
BRDA:85,14,0,0
BRDA:85,14,1,0
BRDA:86,15,0,0
BRDA:86,15,1,0
BRDA:89,16,0,0
BRDA:89,16,1,0
BRDA:95,17,0,0
BRDA:95,17,1,0
BRDA:96,18,0,0
BRDA:96,18,1,0
BRDA:97,19,0,0
BRDA:97,19,1,0
BRDA:100,20,0,0
BRDA:100,20,1,0
BRDA:106,21,0,0
BRDA:106,21,1,0
BRDA:107,22,0,0
BRDA:107,22,1,0
BRDA:108,23,0,0
BRDA:108,23,1,0
BRDA:111,24,0,0
BRDA:111,24,1,0
BRDA:117,25,0,0
BRDA:117,25,1,0
BRDA:118,26,0,0
BRDA:118,26,1,0
BRDA:119,27,0,0
BRDA:119,27,1,0
BRDA:122,28,0,0
BRDA:122,28,1,0
BRDA:128,29,0,0
BRDA:128,29,1,0
BRDA:129,30,0,0
BRDA:129,30,1,0
BRDA:130,31,0,0
BRDA:130,31,1,0
BRDA:133,32,0,0
BRDA:133,32,1,0
BRDA:142,33,0,0
BRDA:142,33,1,0
BRDA:171,34,0,0
BRDA:171,34,1,0
BRDA:173,35,0,0
BRDA:173,35,1,0
BRDA:176,36,0,0
BRDA:176,36,1,0
BRDA:178,37,0,0
BRDA:178,37,1,0
BRDA:181,38,0,0
BRDA:181,38,1,0
BRDA:183,39,0,0
BRDA:183,39,1,0
BRDA:186,40,0,0
BRDA:186,40,1,0
BRDA:188,41,0,0
BRDA:188,41,1,0
BRDA:191,42,0,0
BRDA:191,42,1,0
BRDA:193,43,0,0
BRDA:193,43,1,0
BRDA:207,44,0,0
BRDA:207,44,1,0
BRF:90
BRH:0
end_of_record
TN:
SF:client/src/components/dashboard/replit-ai-monitoring.tsx
FN:59,ReplitAIMonitoring
FN:83,(anonymous_1)
FN:84,(anonymous_2)
FN:91,(anonymous_3)
FN:102,(anonymous_4)
FN:103,(anonymous_5)
FN:112,(anonymous_6)
FN:129,(anonymous_7)
FN:142,(anonymous_8)
FN:173,(anonymous_9)
FN:293,(anonymous_10)
FN:328,(anonymous_11)
FN:371,(anonymous_12)
FN:402,(anonymous_13)
FNF:14
FNH:0
FNDA:0,ReplitAIMonitoring
FNDA:0,(anonymous_1)
FNDA:0,(anonymous_2)
FNDA:0,(anonymous_3)
FNDA:0,(anonymous_4)
FNDA:0,(anonymous_5)
FNDA:0,(anonymous_6)
FNDA:0,(anonymous_7)
FNDA:0,(anonymous_8)
FNDA:0,(anonymous_9)
FNDA:0,(anonymous_10)
FNDA:0,(anonymous_11)
FNDA:0,(anonymous_12)
FNDA:0,(anonymous_13)
DA:1,0
DA:2,0
DA:3,0
DA:4,0
DA:5,0
DA:6,0
DA:7,0
DA:8,0
DA:22,0
DA:23,0
DA:24,0
DA:59,0
DA:60,0
DA:61,0
DA:64,0
DA:70,0
DA:76,0
DA:82,0
DA:83,0
DA:85,0
DA:89,0
DA:92,0
DA:101,0
DA:102,0
DA:104,0
DA:108,0
DA:112,0
DA:113,0
DA:116,0
DA:118,0
DA:121,0
DA:123,0
DA:125,0
DA:129,0
DA:130,0
DA:132,0
DA:134,0
DA:136,0
DA:138,0
DA:142,0
DA:143,0
DA:145,0
DA:147,0
DA:149,0
DA:151,0
DA:153,0
DA:155,0
DA:159,0
DA:173,0
DA:294,0
DA:329,0
DA:372,0
DA:402,0
LF:53
LH:0
BRDA:70,0,0,0
BRDA:76,1,0,0
BRDA:113,2,0,0
BRDA:113,2,1,0
BRDA:113,2,2,0
BRDA:113,2,3,0
BRDA:113,2,4,0
BRDA:113,2,5,0
BRDA:113,2,6,0
BRDA:130,3,0,0
BRDA:130,3,1,0
BRDA:130,3,2,0
BRDA:130,3,3,0
BRDA:143,4,0,0
BRDA:143,4,1,0
BRDA:143,4,2,0
BRDA:143,4,3,0
BRDA:143,4,4,0
BRDA:143,4,5,0
BRDA:177,5,0,0
BRDA:177,5,1,0
BRDA:187,6,0,0
BRDA:187,6,1,0
BRDA:269,7,0,0
BRDA:269,7,1,0
BRDA:325,8,0,0
BRDA:325,8,1,0
BRDA:327,9,0,0
BRDA:327,9,1,0
BRDA:368,10,0,0
BRDA:368,10,1,0
BRDA:370,11,0,0
BRDA:370,11,1,0
BRDA:398,12,0,0
BRDA:398,12,1,0
BRF:35
BRH:0
end_of_record
TN:
SF:client/src/components/dashboard/workspace-status.tsx
FN:8,WorkspaceStatus
FN:38,(anonymous_1)
FN:60,(anonymous_2)
FNF:3
FNH:0
FNDA:0,WorkspaceStatus
FNDA:0,(anonymous_1)
FNDA:0,(anonymous_2)
DA:1,0
DA:2,0
DA:3,0
DA:8,0
DA:9,0
DA:11,0
DA:38,0
DA:39,0
DA:41,0
DA:43,0
DA:45,0
DA:47,0
DA:51,0
DA:61,0
DA:62,0
LF:15
LH:0
BRDA:39,0,0,0
BRDA:39,0,1,0
BRDA:39,0,2,0
BRDA:39,0,3,0
BRF:4
BRH:0
end_of_record
TN:
SF:client/src/components/filter-sort/FilterSort.tsx
FN:70,FilterSort
FN:93,(anonymous_1)
FN:108,(anonymous_2)
FN:129,(anonymous_3)
FN:134,(anonymous_4)
FN:163,(anonymous_5)
FN:164,(anonymous_6)
FN:176,(anonymous_7)
FN:195,(anonymous_8)
FN:216,(anonymous_9)
FN:231,(anonymous_10)
FN:266,(anonymous_11)
FN:269,(anonymous_12)
FN:289,(anonymous_13)
FN:308,(anonymous_14)
FN:309,(anonymous_15)
FN:324,(anonymous_16)
FN:341,(anonymous_17)
FN:362,(anonymous_18)
FN:363,(anonymous_19)
FN:371,(anonymous_20)
FNF:21
FNH:0
FNDA:0,FilterSort
FNDA:0,(anonymous_1)
FNDA:0,(anonymous_2)
FNDA:0,(anonymous_3)
FNDA:0,(anonymous_4)
FNDA:0,(anonymous_5)
FNDA:0,(anonymous_6)
FNDA:0,(anonymous_7)
FNDA:0,(anonymous_8)
FNDA:0,(anonymous_9)
FNDA:0,(anonymous_10)
FNDA:0,(anonymous_11)
FNDA:0,(anonymous_12)
FNDA:0,(anonymous_13)
FNDA:0,(anonymous_14)
FNDA:0,(anonymous_15)
FNDA:0,(anonymous_16)
FNDA:0,(anonymous_17)
FNDA:0,(anonymous_18)
FNDA:0,(anonymous_19)
FNDA:0,(anonymous_20)
DA:1,0
DA:2,0
DA:3,0
DA:4,0
DA:5,0
DA:12,0
DA:13,0
DA:24,0
DA:25,0
DA:70,0
DA:87,0
DA:88,0
DA:89,0
DA:90,0
DA:91,0
DA:93,0
DA:94,0
DA:95,0
DA:101,0
DA:102,0
DA:103,0
DA:104,0
DA:108,0
DA:109,0
DA:110,0
DA:112,0
DA:113,0
DA:115,0
DA:118,0
DA:129,0
DA:134,0
DA:164,0
DA:165,0
DA:166,0
DA:167,0
DA:168,0
DA:177,0
DA:196,0
DA:217,0
DA:231,0
DA:267,0
DA:270,0
DA:271,0
DA:290,0
DA:291,0
DA:309,0
DA:310,0
DA:311,0
DA:325,0
DA:342,0
DA:343,0
DA:363,0
DA:364,0
DA:371,0
LF:54
LH:0
BRDA:82,0,0,0
BRDA:94,1,0,0
BRDA:94,1,1,0
BRDA:94,2,0,0
BRDA:94,2,1,0
BRDA:94,2,2,0
BRDA:109,3,0,0
BRDA:109,3,1,0
BRDA:109,4,0,0
BRDA:109,4,1,0
BRDA:109,5,0,0
BRDA:109,5,1,0
BRDA:112,6,0,0
BRDA:112,6,1,0
BRDA:122,7,0,0
BRDA:122,7,1,0
BRDA:127,8,0,0
BRDA:127,8,1,0
BRDA:132,9,0,0
BRDA:132,9,1,0
BRDA:149,10,0,0
BRDA:149,10,1,0
BRDA:162,11,0,0
BRDA:162,11,1,0
BRDA:162,12,0,0
BRDA:162,12,1,0
BRDA:162,13,0,0
BRDA:162,13,1,0
BRDA:165,14,0,0
BRDA:165,14,1,0
BRDA:166,15,0,0
BRDA:166,15,1,0
BRDA:167,16,0,0
BRDA:167,16,1,0
BRDA:168,17,0,0
BRDA:168,17,1,0
BRDA:179,18,0,0
BRDA:179,18,1,0
BRDA:188,19,0,0
BRDA:188,19,1,0
BRDA:194,20,0,0
BRDA:194,20,1,0
BRDA:206,21,0,0
BRDA:206,21,1,0
BRDA:206,21,2,0
BRDA:206,21,3,0
BRDA:210,22,0,0
BRDA:210,22,1,0
BRDA:210,23,0,0
BRDA:210,23,1,0
BRDA:213,24,0,0
BRDA:213,24,1,0
BRDA:219,25,0,0
BRDA:219,25,1,0
BRDA:228,26,0,0
BRDA:228,26,1,0
BRDA:229,27,0,0
BRDA:229,27,1,0
BRDA:241,28,0,0
BRDA:241,28,1,0
BRDA:241,28,2,0
BRDA:243,29,0,0
BRDA:243,29,1,0
BRDA:260,30,0,0
BRDA:260,30,1,0
BRDA:275,31,0,0
BRDA:275,31,1,0
BRDA:275,32,0,0
BRDA:275,32,1,0
BRDA:275,33,0,0
BRDA:275,33,1,0
BRDA:279,34,0,0
BRDA:279,34,1,0
BRDA:285,35,0,0
BRDA:285,35,1,0
BRDA:305,36,0,0
BRDA:305,36,1,0
BRDA:305,36,2,0
BRDA:309,37,0,0
BRDA:309,37,1,0
BRDA:309,38,0,0
BRDA:309,38,1,0
BRDA:310,39,0,0
BRDA:310,39,1,0
BRDA:310,40,0,0
BRDA:310,40,1,0
BRDA:327,41,0,0
BRDA:327,41,1,0
BRDA:337,42,0,0
BRDA:337,42,1,0
BRDA:337,42,2,0
BRDA:352,43,0,0
BRDA:352,43,1,0
BRDA:352,43,2,0
BRDA:360,44,0,0
BRDA:360,44,1,0
BRDA:366,45,0,0
BRDA:366,45,1,0
BRDA:366,46,0,0
BRDA:366,46,1,0
BRDA:366,47,0,0
BRDA:366,47,1,0
BRF:102
BRH:0
end_of_record
TN:
SF:client/src/components/forms/feature-form.tsx
FN:44,FeatureForm
FN:50,(anonymous_8)
FN:50,(anonymous_9)
FN:69,(anonymous_10)
FN:80,(anonymous_11)
FN:127,(anonymous_12)
FN:135,(anonymous_13)
FN:159,(anonymous_14)
FN:176,(anonymous_15)
FN:196,(anonymous_16)
FN:197,(anonymous_17)
FN:204,(anonymous_18)
FN:352,(anonymous_19)
FN:352,(anonymous_20)
FN:371,(anonymous_21)
FN:397,(anonymous_22)
FN:409,(anonymous_23)
FN:412,(anonymous_24)
FN:416,(anonymous_25)
FN:420,(anonymous_26)
FN:504,(anonymous_27)
FN:509,(anonymous_28)
FN:538,(anonymous_29)
FN:555,(anonymous_30)
FN:565,(anonymous_31)
FN:575,(anonymous_32)
FN:581,(anonymous_33)
FN:600,(anonymous_34)
FN:611,(anonymous_35)
FN:630,(anonymous_36)
FN:640,(anonymous_37)
FN:650,(anonymous_38)
FN:660,(anonymous_39)
FN:676,(anonymous_40)
FN:686,(anonymous_41)
FN:697,(anonymous_42)
FN:712,(anonymous_43)
FN:722,(anonymous_44)
FN:735,(anonymous_45)
FN:754,(anonymous_46)
FN:779,(anonymous_47)
FN:809,(anonymous_48)
FNF:42
FNH:0
FNDA:0,FeatureForm
FNDA:0,(anonymous_8)
FNDA:0,(anonymous_9)
FNDA:0,(anonymous_10)
FNDA:0,(anonymous_11)
FNDA:0,(anonymous_12)
FNDA:0,(anonymous_13)
FNDA:0,(anonymous_14)
FNDA:0,(anonymous_15)
FNDA:0,(anonymous_16)
FNDA:0,(anonymous_17)
FNDA:0,(anonymous_18)
FNDA:0,(anonymous_19)
FNDA:0,(anonymous_20)
FNDA:0,(anonymous_21)
FNDA:0,(anonymous_22)
FNDA:0,(anonymous_23)
FNDA:0,(anonymous_24)
FNDA:0,(anonymous_25)
FNDA:0,(anonymous_26)
FNDA:0,(anonymous_27)
FNDA:0,(anonymous_28)
FNDA:0,(anonymous_29)
FNDA:0,(anonymous_30)
FNDA:0,(anonymous_31)
FNDA:0,(anonymous_32)
FNDA:0,(anonymous_33)
FNDA:0,(anonymous_34)
FNDA:0,(anonymous_35)
FNDA:0,(anonymous_36)
FNDA:0,(anonymous_37)
FNDA:0,(anonymous_38)
FNDA:0,(anonymous_39)
FNDA:0,(anonymous_40)
FNDA:0,(anonymous_41)
FNDA:0,(anonymous_42)
FNDA:0,(anonymous_43)
FNDA:0,(anonymous_44)
FNDA:0,(anonymous_45)
FNDA:0,(anonymous_46)
FNDA:0,(anonymous_47)
FNDA:0,(anonymous_48)
DA:1,0
DA:2,0
DA:3,0
DA:4,0
DA:5,0
DA:6,0
DA:13,0
DA:20,0
DA:21,0
DA:22,0
DA:23,0
DA:44,0
DA:45,0
DA:46,0
DA:49,0
DA:50,0
DA:51,0
DA:63,0
DA:64,0
DA:67,0
DA:71,0
DA:72,0
DA:75,0
DA:81,0
DA:88,0
DA:119,0
DA:120,0
DA:121,0
DA:122,0
DA:127,0
DA:128,0
DA:129,0
DA:135,0
DA:136,0
DA:137,0
DA:142,0
DA:143,0
DA:144,0
DA:146,0
DA:152,0
DA:159,0
DA:160,0
DA:161,0
DA:162,0
DA:163,0
DA:164,0
DA:165,0
DA:166,0
DA:169,0
DA:176,0
DA:177,0
DA:178,0
DA:179,0
DA:180,0
DA:182,0
DA:187,0
DA:196,0
DA:197,0
DA:198,0
DA:204,0
DA:205,0
DA:206,0
DA:207,0
DA:208,0
DA:209,0
DA:211,0
DA:336,0
DA:337,0
DA:340,0
DA:341,0
DA:352,0
DA:353,0
DA:354,0
DA:355,0
DA:360,0
DA:371,0
DA:372,0
DA:373,0
DA:394,0
DA:397,0
DA:398,0
DA:399,0
DA:401,0
DA:403,0
DA:405,0
DA:409,0
DA:410,0
DA:412,0
DA:413,0
DA:416,0
DA:420,0
DA:421,0
DA:422,0
DA:426,0
DA:428,0
DA:504,0
DA:509,0
DA:538,0
DA:555,0
DA:565,0
DA:575,0
DA:581,0
DA:600,0
DA:611,0
DA:630,0
DA:640,0
DA:650,0
DA:660,0
DA:676,0
DA:686,0
DA:697,0
DA:712,0
DA:722,0
DA:735,0
DA:754,0
DA:779,0
DA:809,0
LF:117
LH:0
BRDA:63,0,0,0
BRDA:63,0,1,0
BRDA:71,1,0,0
BRDA:71,1,1,0
BRDA:71,2,0,0
BRDA:71,2,1,0
BRDA:71,3,0,0
BRDA:71,3,1,0
BRDA:129,4,0,0
BRDA:129,4,1,0
BRDA:129,5,0,0
BRDA:129,5,1,0
BRDA:129,6,0,0
BRDA:129,6,1,0
BRDA:140,7,0,0
BRDA:140,7,1,0
BRDA:140,8,0,0
BRDA:140,8,1,0
BRDA:140,9,0,0
BRDA:140,9,1,0
BRDA:154,10,0,0
BRDA:154,10,1,0
BRDA:154,11,0,0
BRDA:154,11,1,0
BRDA:162,12,0,0
BRDA:162,12,1,0
BRDA:171,13,0,0
BRDA:171,13,1,0
BRDA:171,14,0,0
BRDA:171,14,1,0
BRDA:189,15,0,0
BRDA:189,15,1,0
BRDA:189,16,0,0
BRDA:189,16,1,0
BRDA:205,17,0,0
BRDA:205,17,1,0
BRDA:205,17,2,0
BRDA:205,18,0,0
BRDA:205,18,1,0
BRDA:205,19,0,0
BRDA:205,19,1,0
BRDA:206,20,0,0
BRDA:206,20,1,0
BRDA:206,20,2,0
BRDA:206,21,0,0
BRDA:206,21,1,0
BRDA:206,22,0,0
BRDA:206,22,1,0
BRDA:207,23,0,0
BRDA:207,23,1,0
BRDA:207,24,0,0
BRDA:207,24,1,0
BRDA:207,25,0,0
BRDA:207,25,1,0
BRDA:208,26,0,0
BRDA:208,26,1,0
BRDA:208,26,2,0
BRDA:208,27,0,0
BRDA:208,27,1,0
BRDA:208,28,0,0
BRDA:208,28,1,0
BRDA:209,29,0,0
BRDA:209,29,1,0
BRDA:209,29,2,0
BRDA:209,30,0,0
BRDA:209,30,1,0
BRDA:209,31,0,0
BRDA:209,31,1,0
BRDA:222,32,0,0
BRDA:222,32,1,0
BRDA:225,33,0,0
BRDA:225,33,1,0
BRDA:228,34,0,0
BRDA:228,34,1,0
BRDA:231,35,0,0
BRDA:231,35,1,0
BRDA:236,36,0,0
BRDA:236,36,1,0
BRDA:239,37,0,0
BRDA:239,37,1,0
BRDA:242,38,0,0
BRDA:242,38,1,0
BRDA:245,39,0,0
BRDA:245,39,1,0
BRDA:248,40,0,0
BRDA:248,40,1,0
BRDA:253,41,0,0
BRDA:253,41,1,0
BRDA:256,42,0,0
BRDA:256,42,1,0
BRDA:259,43,0,0
BRDA:259,43,1,0
BRDA:264,44,0,0
BRDA:264,44,1,0
BRDA:267,45,0,0
BRDA:267,45,1,0
BRDA:322,46,0,0
BRDA:322,46,1,0
BRDA:340,47,0,0
BRDA:340,47,1,0
BRDA:340,48,0,0
BRDA:340,48,1,0
BRDA:340,49,0,0
BRDA:340,49,1,0
BRDA:398,50,0,0
BRDA:398,50,1,0
BRDA:399,51,0,0
BRDA:399,51,1,0
BRDA:410,52,0,0
BRDA:410,52,1,0
BRDA:421,53,0,0
BRDA:421,53,1,0
BRDA:435,54,0,0
BRDA:435,54,1,0
BRDA:436,55,0,0
BRDA:436,55,1,0
BRDA:441,56,0,0
BRDA:441,56,1,0
BRDA:443,57,0,0
BRDA:443,57,1,0
BRDA:450,58,0,0
BRDA:450,58,1,0
BRDA:464,59,0,0
BRDA:464,59,1,0
BRDA:464,59,2,0
BRDA:472,60,0,0
BRDA:472,60,1,0
BRDA:475,61,0,0
BRDA:475,61,1,0
BRDA:481,62,0,0
BRDA:481,62,1,0
BRDA:484,63,0,0
BRDA:484,63,1,0
BRDA:485,64,0,0
BRDA:485,64,1,0
BRDA:494,65,0,0
BRDA:494,65,1,0
BRDA:503,66,0,0
BRDA:503,66,1,0
BRDA:509,67,0,0
BRDA:509,67,1,0
BRDA:537,68,0,0
BRDA:537,68,1,0
BRDA:744,69,0,0
BRDA:744,69,1,0
BRDA:744,69,2,0
BRDA:744,70,0,0
BRDA:744,70,1,0
BRDA:744,71,0,0
BRDA:744,71,1,0
BRDA:752,72,0,0
BRDA:752,72,1,0
BRDA:752,73,0,0
BRDA:752,73,1,0
BRDA:752,74,0,0
BRDA:752,74,1,0
BRDA:765,75,0,0
BRDA:765,75,1,0
BRDA:783,76,0,0
BRDA:783,76,1,0
BRDA:783,76,2,0
BRDA:797,77,0,0
BRDA:797,77,1,0
BRDA:808,78,0,0
BRDA:808,78,1,0
BRDA:817,79,0,0
BRDA:817,79,1,0
BRDA:817,79,2,0
BRDA:817,79,3,0
BRDA:817,79,4,0
BRDA:817,79,5,0
BRDA:817,79,6,0
BRDA:825,80,0,0
BRDA:825,80,1,0
BRF:174
BRH:0
end_of_record
TN:
SF:client/src/components/forms/index.ts
FN:12,(anonymous_0)
FNF:1
FNH:0
FNDA:0,(anonymous_0)
DA:12,0
LF:1
LH:0
BRF:0
BRH:0
end_of_record
TN:
SF:client/src/components/layout/header.tsx
FN:35,Header
FNF:1
FNH:0
FNDA:0,Header
DA:1,0
DA:35,0
DA:36,0
DA:38,0
LF:4
LH:0
BRF:0
BRH:0
end_of_record
TN:
SF:client/src/components/layout/sidebar.tsx
FN:26,Sidebar
FN:31,(anonymous_1)
FN:32,(anonymous_2)
FN:33,(anonymous_3)
FN:37,(anonymous_4)
FN:43,(anonymous_5)
FN:55,(anonymous_6)
FN:75,(anonymous_7)
FN:95,(anonymous_8)
FN:108,(anonymous_9)
FNF:10
FNH:0
FNDA:0,Sidebar
FNDA:0,(anonymous_1)
FNDA:0,(anonymous_2)
FNDA:0,(anonymous_3)
FNDA:0,(anonymous_4)
FNDA:0,(anonymous_5)
FNDA:0,(anonymous_6)
FNDA:0,(anonymous_7)
FNDA:0,(anonymous_8)
FNDA:0,(anonymous_9)
DA:1,0
DA:18,0
DA:19,0
DA:20,0
DA:21,0
DA:26,0
DA:27,0
DA:28,0
DA:29,0
DA:31,0
DA:32,0
DA:33,0
DA:37,0
DA:38,0
DA:39,0
DA:41,0
DA:43,0
DA:55,0
DA:56,0
DA:57,0
DA:59,0
DA:75,0
DA:76,0
DA:77,0
DA:79,0
DA:95,0
DA:96,0
DA:98,0
DA:108,0
DA:110,0
DA:113,0
DA:117,0
DA:164,0
LF:33
LH:0
BRDA:33,0,0,0
BRDA:33,0,1,0
BRDA:50,1,0,0
BRDA:50,1,1,0
BRDA:63,2,0,0
BRDA:63,2,1,0
BRDA:83,3,0,0
BRDA:83,3,1,0
BRDA:101,4,0,0
BRDA:101,4,1,0
BRF:10
BRH:0
end_of_record
TN:
SF:client/src/components/ui/accordion.tsx
FN:12,(anonymous_7)
FN:20,(anonymous_8)
FN:40,(anonymous_9)
FNF:3
FNH:0
FNDA:0,(anonymous_7)
FNDA:0,(anonymous_8)
FNDA:0,(anonymous_9)
DA:1,0
DA:2,0
DA:3,0
DA:5,0
DA:7,0
DA:9,0
DA:12,0
DA:15,0
DA:17,0
DA:20,0
DA:35,0
DA:37,0
DA:40,0
DA:50,0
DA:52,0
LF:15
LH:0
BRF:0
BRH:0
end_of_record
TN:
SF:client/src/components/ui/alert-dialog.tsx
FN:16,(anonymous_7)
FN:31,(anonymous_8)
FN:46,(anonymous_9)
FN:51,(anonymous_10)
FN:62,(anonymous_11)
FN:74,(anonymous_12)
FN:86,(anonymous_13)
FN:94,(anonymous_14)
FNF:8
FNH:0
FNDA:0,(anonymous_7)
FNDA:0,(anonymous_8)
FNDA:0,(anonymous_9)
FNDA:0,(anonymous_10)
FNDA:0,(anonymous_11)
FNDA:0,(anonymous_12)
FNDA:0,(anonymous_13)
FNDA:0,(anonymous_14)
DA:1,0
DA:2,0
DA:4,0
DA:5,0
DA:7,0
DA:9,0
DA:11,0
DA:13,0
DA:16,0
DA:26,0
DA:28,0
DA:31,0
DA:44,0
DA:46,0
DA:49,0
DA:51,0
DA:57,0
DA:59,0
DA:62,0
DA:69,0
DA:71,0
DA:74,0
DA:81,0
DA:83,0
DA:86,0
DA:89,0
DA:91,0
DA:94,0
DA:101,0
DA:104,0
DA:105,0
DA:106,0
DA:107,0
DA:108,0
DA:109,0
DA:110,0
DA:111,0
DA:112,0
DA:113,0
DA:114,0
LF:40
LH:0
BRF:0
BRH:0
end_of_record
TN:
SF:client/src/components/ui/alert.tsx
FN:25,(anonymous_7)
FN:31,(anonymous_8)
FN:44,(anonymous_9)
FNF:3
FNH:0
FNDA:0,(anonymous_7)
FNDA:0,(anonymous_8)
FNDA:0,(anonymous_9)
DA:1,0
DA:2,0
DA:4,0
DA:6,0
DA:22,0
DA:25,0
DA:28,0
DA:30,0
DA:31,0
DA:39,0
DA:41,0
DA:44,0
DA:47,0
DA:49,0
LF:14
LH:0
BRF:0
BRH:0
end_of_record
TN:
SF:client/src/components/ui/aspect-ratio.tsx
FNF:0
FNH:0
DA:1,0
DA:3,0
DA:5,0
LF:3
LH:0
BRF:0
BRH:0
end_of_record
TN:
SF:client/src/components/ui/avatar.tsx
FN:11,(anonymous_7)
FN:23,(anonymous_8)
FN:35,(anonymous_9)
FNF:3
FNH:0
FNDA:0,(anonymous_7)
FNDA:0,(anonymous_8)
FNDA:0,(anonymous_9)
DA:3,0
DA:4,0
DA:6,0
DA:8,0
DA:11,0
DA:18,0
DA:20,0
DA:23,0
DA:30,0
DA:32,0
DA:35,0
DA:45,0
DA:47,0
LF:13
LH:0
BRF:0
BRH:0
end_of_record
TN:
SF:client/src/components/ui/badge.tsx
FN:29,Badge
FNF:1
FNH:0
FNDA:0,Badge
DA:2,0
DA:4,0
DA:6,0
DA:29,0
DA:30,0
DA:33,0
LF:6
LH:0
BRF:0
BRH:0
end_of_record
TN:
SF:client/src/components/ui/breadcrumb.tsx
FN:12,(anonymous_7)
FN:16,(anonymous_8)
FN:30,(anonymous_9)
FN:41,(anonymous_10)
FN:55,(anonymous_11)
FN:68,(anonymous_12)
FN:80,(anonymous_13)
FNF:7
FNH:0
FNDA:0,(anonymous_7)
FNDA:0,(anonymous_8)
FNDA:0,(anonymous_9)
FNDA:0,(anonymous_10)
FNDA:0,(anonymous_11)
FNDA:0,(anonymous_12)
FNDA:0,(anonymous_13)
DA:1,0
DA:2,0
DA:3,0
DA:5,0
DA:7,0
DA:12,0
DA:13,0
DA:15,0
DA:16,0
DA:27,0
DA:29,0
DA:30,0
DA:34,0
DA:36,0
DA:41,0
DA:42,0
DA:44,0
DA:52,0
DA:54,0
DA:55,0
DA:66,0
DA:68,0
DA:78,0
DA:80,0
DA:91,0
DA:94,0
DA:95,0
DA:96,0
DA:97,0
DA:98,0
DA:99,0
DA:100,0
LF:32
LH:0
BRDA:42,0,0,0
BRDA:42,0,1,0
BRDA:75,1,0,0
BRDA:75,1,1,0
BRDA:75,2,0,0
BRDA:75,2,1,0
BRF:6
BRH:0
end_of_record
TN:
SF:client/src/components/ui/button.tsx
FN:40,(anonymous_7)
FNF:1
FNH:0
FNDA:0,(anonymous_7)
DA:1,0
DA:2,0
DA:3,0
DA:5,0
DA:7,0
DA:39,0
DA:40,0
DA:41,0
DA:42,0
DA:47,0
DA:49,0
LF:11
LH:0
BRDA:40,0,0,0
BRDA:41,1,0,0
BRDA:41,1,1,0
BRF:3
BRH:0
end_of_record
TN:
SF:client/src/components/ui/calendar.tsx
FN:10,Calendar
FN:48,(anonymous_2)
FN:51,(anonymous_3)
FNF:3
FNH:0
FNDA:0,Calendar
FNDA:0,(anonymous_2)
FNDA:0,(anonymous_3)
DA:2,0
DA:3,0
DA:5,0
DA:6,0
DA:10,0
DA:11,0
DA:48,0
DA:51,0
DA:59,0
DA:61,0
LF:10
LH:0
BRDA:10,0,0,0
BRF:1
BRH:0
end_of_record
TN:
SF:client/src/components/ui/card.tsx
FN:6,(anonymous_7)
FN:17,(anonymous_8)
FN:24,(anonymous_9)
FN:35,(anonymous_10)
FN:42,(anonymous_11)
FN:49,(anonymous_12)
FNF:6
FNH:0
FNDA:0,(anonymous_7)
FNDA:0,(anonymous_8)
FNDA:0,(anonymous_9)
FNDA:0,(anonymous_10)
FNDA:0,(anonymous_11)
FNDA:0,(anonymous_12)
DA:1,0
DA:3,0
DA:5,0
DA:6,0
DA:14,0
DA:16,0
DA:17,0
DA:21,0
DA:23,0
DA:24,0
DA:32,0
DA:34,0
DA:35,0
DA:39,0
DA:41,0
DA:42,0
DA:46,0
DA:48,0
DA:49,0
DA:53,0
DA:55,0
LF:21
LH:0
BRF:0
BRH:0
end_of_record
TN:
SF:client/src/components/ui/carousel.tsx
FN:31,useCarousel
FN:44,(anonymous_9)
FN:55,(anonymous_10)
FN:64,(anonymous_11)
FN:68,(anonymous_12)
FN:73,(anonymous_13)
FN:85,(anonymous_14)
FN:93,(anonymous_15)
FN:102,(anonymous_16)
FN:136,(anonymous_17)
FN:157,(anonymous_18)
FN:178,(anonymous_19)
FN:206,(anonymous_20)
FNF:13
FNH:0
FNDA:0,useCarousel
FNDA:0,(anonymous_9)
FNDA:0,(anonymous_10)
FNDA:0,(anonymous_11)
FNDA:0,(anonymous_12)
FNDA:0,(anonymous_13)
FNDA:0,(anonymous_14)
FNDA:0,(anonymous_15)
FNDA:0,(anonymous_16)
FNDA:0,(anonymous_17)
FNDA:0,(anonymous_18)
FNDA:0,(anonymous_19)
FNDA:0,(anonymous_20)
DA:1,0
DA:2,0
DA:3,0
DA:5,0
DA:6,0
DA:29,0
DA:32,0
DA:34,0
DA:35,0
DA:38,0
DA:41,0
DA:44,0
DA:45,0
DA:52,0
DA:53,0
DA:55,0
DA:56,0
DA:57,0
DA:60,0
DA:61,0
DA:64,0
DA:65,0
DA:68,0
DA:69,0
DA:72,0
DA:74,0
DA:75,0
DA:76,0
DA:77,0
DA:78,0
DA:79,0
DA:85,0
DA:86,0
DA:87,0
DA:90,0
DA:93,0
DA:94,0
DA:95,0
DA:98,0
DA:99,0
DA:100,0
DA:102,0
DA:103,0
DA:107,0
DA:133,0
DA:135,0
DA:136,0
DA:137,0
DA:139,0
DA:154,0
DA:156,0
DA:157,0
DA:158,0
DA:160,0
DA:175,0
DA:177,0
DA:178,0
DA:179,0
DA:181,0
DA:203,0
DA:205,0
DA:206,0
DA:207,0
DA:209,0
DA:231,0
DA:235,0
DA:236,0
DA:237,0
DA:238,0
DA:239,0
LF:70
LH:0
BRDA:34,0,0,0
BRDA:34,0,1,0
BRDA:44,1,0,0
BRDA:48,2,0,0
BRDA:48,2,1,0
BRDA:56,3,0,0
BRDA:56,3,1,0
BRDA:65,4,0,0
BRDA:65,4,1,0
BRDA:65,5,0,0
BRDA:65,5,1,0
BRDA:69,6,0,0
BRDA:69,6,1,0
BRDA:69,7,0,0
BRDA:69,7,1,0
BRDA:74,8,0,0
BRDA:74,8,1,0
BRDA:77,9,0,0
BRDA:77,9,1,0
BRDA:86,10,0,0
BRDA:86,10,1,0
BRDA:86,11,0,0
BRDA:86,11,1,0
BRDA:94,12,0,0
BRDA:94,12,1,0
BRDA:103,13,0,0
BRDA:103,13,1,0
BRDA:103,14,0,0
BRDA:103,14,1,0
BRDA:113,15,0,0
BRDA:113,15,1,0
BRDA:113,16,0,0
BRDA:113,16,1,0
BRDA:113,17,0,0
BRDA:113,17,1,0
BRDA:113,18,0,0
BRDA:113,18,1,0
BRDA:145,19,0,0
BRDA:145,19,1,0
BRDA:167,20,0,0
BRDA:167,20,1,0
BRDA:178,21,0,0
BRDA:178,22,0,0
BRDA:188,23,0,0
BRDA:188,23,1,0
BRDA:206,24,0,0
BRDA:206,25,0,0
BRDA:216,26,0,0
BRDA:216,26,1,0
BRF:49
BRH:0
end_of_record
TN:
SF:client/src/components/ui/chart.tsx
FN:27,useChart
FN:43,(anonymous_8)
FN:66,(anonymous_9)
FN:67,(anonymous_10)
FN:78,(anonymous_11)
FN:81,(anonymous_12)
FN:108,(anonymous_13)
FN:128,(anonymous_14)
FN:170,(anonymous_15)
FN:250,(anonymous_16)
FN:266,(anonymous_17)
FN:297,getPayloadConfigFromPayload
FNF:12
FNH:0
FNDA:0,useChart
FNDA:0,(anonymous_8)
FNDA:0,(anonymous_9)
FNDA:0,(anonymous_10)
FNDA:0,(anonymous_11)
FNDA:0,(anonymous_12)
FNDA:0,(anonymous_13)
FNDA:0,(anonymous_14)
FNDA:0,(anonymous_15)
FNDA:0,(anonymous_16)
FNDA:0,(anonymous_17)
FNDA:0,getPayloadConfigFromPayload
DA:3,0
DA:4,0
DA:6,0
DA:9,0
DA:25,0
DA:28,0
DA:30,0
DA:31,0
DA:34,0
DA:37,0
DA:43,0
DA:44,0
DA:45,0
DA:47,0
DA:64,0
DA:66,0
DA:67,0
DA:69,0
DA:70,0
DA:73,0
DA:78,0
DA:82,0
DA:83,0
DA:95,0
DA:97,0
DA:126,0
DA:128,0
DA:129,0
DA:130,0
DA:133,0
DA:134,0
DA:135,0
DA:137,0
DA:141,0
DA:142,0
DA:147,0
DA:148,0
DA:151,0
DA:154,0
DA:155,0
DA:158,0
DA:160,0
DA:171,0
DA:172,0
DA:173,0
DA:175,0
DA:239,0
DA:241,0
DA:243,0
DA:251,0
DA:253,0
DA:254,0
DA:257,0
DA:267,0
DA:268,0
DA:270,0
DA:294,0
DA:298,0
DA:299,0
DA:303,0
DA:307,0
DA:309,0
DA:310,0
DA:311,0
DA:316,0
DA:319,0
DA:323,0
DA:324,0
DA:325,0
DA:326,0
DA:327,0
DA:328,0
LF:72
LH:0
BRDA:30,0,0,0
BRDA:30,0,1,0
BRDA:45,1,0,0
BRDA:45,1,1,0
BRDA:67,2,0,0
BRDA:67,2,1,0
BRDA:69,3,0,0
BRDA:69,3,1,0
BRDA:82,4,0,0
BRDA:82,4,1,0
BRDA:82,5,0,0
BRDA:82,5,1,0
BRDA:82,6,0,0
BRDA:82,6,1,0
BRDA:83,7,0,0
BRDA:83,7,1,0
BRDA:113,8,0,0
BRDA:114,9,0,0
BRDA:115,10,0,0
BRDA:129,11,0,0
BRDA:129,11,1,0
BRDA:129,12,0,0
BRDA:129,12,1,0
BRDA:129,13,0,0
BRDA:129,13,1,0
BRDA:129,14,0,0
BRDA:129,14,1,0
BRDA:134,15,0,0
BRDA:134,15,1,0
BRDA:134,15,2,0
BRDA:134,15,3,0
BRDA:134,16,0,0
BRDA:134,16,1,0
BRDA:134,17,0,0
BRDA:134,17,1,0
BRDA:134,18,0,0
BRDA:134,18,1,0
BRDA:134,19,0,0
BRDA:134,19,1,0
BRDA:137,20,0,0
BRDA:137,20,1,0
BRDA:137,21,0,0
BRDA:137,21,1,0
BRDA:138,22,0,0
BRDA:138,22,1,0
BRDA:138,23,0,0
BRDA:138,23,1,0
BRDA:138,24,0,0
BRDA:138,24,1,0
BRDA:139,25,0,0
BRDA:139,25,1,0
BRDA:139,26,0,0
BRDA:139,26,1,0
BRDA:141,27,0,0
BRDA:141,27,1,0
BRDA:147,28,0,0
BRDA:147,28,1,0
BRDA:154,29,0,0
BRDA:154,29,1,0
BRDA:154,30,0,0
BRDA:154,30,1,0
BRDA:154,31,0,0
BRDA:154,31,1,0
BRDA:154,32,0,0
BRDA:154,32,1,0
BRDA:158,33,0,0
BRDA:158,33,1,0
BRDA:168,34,0,0
BRDA:168,34,1,0
BRDA:171,35,0,0
BRDA:171,35,1,0
BRDA:171,35,2,0
BRDA:171,35,3,0
BRDA:173,36,0,0
BRDA:173,36,1,0
BRDA:173,36,2,0
BRDA:180,37,0,0
BRDA:180,37,1,0
BRDA:183,38,0,0
BRDA:183,38,1,0
BRDA:183,39,0,0
BRDA:183,39,1,0
BRDA:183,39,2,0
BRDA:183,40,0,0
BRDA:183,40,1,0
BRDA:183,41,0,0
BRDA:183,41,1,0
BRDA:187,42,0,0
BRDA:187,42,1,0
BRDA:187,43,0,0
BRDA:187,43,1,0
BRDA:187,44,0,0
BRDA:187,44,1,0
BRDA:190,45,0,0
BRDA:190,45,1,0
BRDA:199,46,0,0
BRDA:199,46,1,0
BRDA:214,47,0,0
BRDA:214,47,1,0
BRDA:218,48,0,0
BRDA:218,48,1,0
BRDA:220,49,0,0
BRDA:220,49,1,0
BRDA:220,50,0,0
BRDA:220,50,1,0
BRDA:220,51,0,0
BRDA:220,51,1,0
BRDA:223,52,0,0
BRDA:223,52,1,0
BRDA:250,53,0,0
BRDA:250,54,0,0
BRDA:253,55,0,0
BRDA:253,55,1,0
BRDA:253,56,0,0
BRDA:253,56,1,0
BRDA:253,57,0,0
BRDA:253,57,1,0
BRDA:262,58,0,0
BRDA:262,58,1,0
BRDA:267,59,0,0
BRDA:267,59,1,0
BRDA:267,59,2,0
BRDA:277,60,0,0
BRDA:277,60,1,0
BRDA:277,61,0,0
BRDA:277,61,1,0
BRDA:277,62,0,0
BRDA:277,62,1,0
BRDA:277,63,0,0
BRDA:277,63,1,0
BRDA:287,64,0,0
BRDA:287,64,1,0
BRDA:287,65,0,0
BRDA:287,65,1,0
BRDA:298,66,0,0
BRDA:298,66,1,0
BRDA:298,67,0,0
BRDA:298,67,1,0
BRDA:303,68,0,0
BRDA:303,68,1,0
BRDA:303,69,0,0
BRDA:303,69,1,0
BRDA:303,69,2,0
BRDA:309,70,0,0
BRDA:309,70,1,0
BRDA:309,71,0,0
BRDA:309,71,1,0
BRDA:311,72,0,0
BRDA:311,72,1,0
BRDA:312,73,0,0
BRDA:312,73,1,0
BRDA:312,73,2,0
BRDA:319,74,0,0
BRDA:319,74,1,0
BRF:154
BRH:0
end_of_record
TN:
SF:client/src/components/ui/checkbox.tsx
FN:10,(anonymous_7)
FNF:1
FNH:0
FNDA:0,(anonymous_7)
DA:1,0
DA:2,0
DA:3,0
DA:5,0
DA:7,0
DA:10,0
DA:24,0
DA:26,0
LF:8
LH:0
BRF:0
BRH:0
end_of_record
TN:
SF:client/src/components/ui/collapsible.tsx
FNF:0
FNH:0
DA:3,0
DA:5,0
DA:7,0
DA:9,0
DA:11,0
LF:5
LH:0
BRF:0
BRH:0
end_of_record
TN:
SF:client/src/components/ui/command.tsx
FN:12,(anonymous_7)
FN:24,(anonymous_8)
FN:39,(anonymous_9)
FN:58,(anonymous_10)
FN:71,(anonymous_11)
FN:80,(anonymous_12)
FN:96,(anonymous_13)
FN:108,(anonymous_14)
FN:121,(anonymous_15)
FNF:9
FNH:0
FNDA:0,(anonymous_7)
FNDA:0,(anonymous_8)
FNDA:0,(anonymous_9)
FNDA:0,(anonymous_10)
FNDA:0,(anonymous_11)
FNDA:0,(anonymous_12)
FNDA:0,(anonymous_13)
FNDA:0,(anonymous_14)
FNDA:0,(anonymous_15)
DA:1,0
DA:3,0
DA:4,0
DA:6,0
DA:7,0
DA:9,0
DA:12,0
DA:22,0
DA:24,0
DA:25,0
DA:36,0
DA:39,0
DA:53,0
DA:55,0
DA:58,0
DA:66,0
DA:68,0
DA:72,0
DA:75,0
DA:77,0
DA:80,0
DA:91,0
DA:93,0
DA:96,0
DA:103,0
DA:105,0
DA:108,0
DA:119,0
DA:121,0
DA:122,0
DA:129,0
DA:132,0
DA:133,0
DA:134,0
DA:135,0
DA:136,0
DA:137,0
DA:138,0
DA:139,0
DA:140,0
LF:40
LH:0
BRF:0
BRH:0
end_of_record
TN:
SF:client/src/components/ui/context-menu.tsx
FN:24,(anonymous_7)
FN:43,(anonymous_8)
FN:58,(anonymous_9)
FN:77,(anonymous_10)
FN:93,(anonymous_11)
FN:116,(anonymous_12)
FN:140,(anonymous_13)
FN:152,(anonymous_14)
FN:161,(anonymous_15)
FNF:9
FNH:0
FNDA:0,(anonymous_7)
FNDA:0,(anonymous_8)
FNDA:0,(anonymous_9)
FNDA:0,(anonymous_10)
FNDA:0,(anonymous_11)
FNDA:0,(anonymous_12)
FNDA:0,(anonymous_13)
FNDA:0,(anonymous_14)
FNDA:0,(anonymous_15)
DA:1,0
DA:2,0
DA:3,0
DA:5,0
DA:7,0
DA:9,0
DA:11,0
DA:13,0
DA:15,0
DA:17,0
DA:19,0
DA:24,0
DA:38,0
DA:40,0
DA:43,0
DA:53,0
DA:55,0
DA:58,0
DA:70,0
DA:72,0
DA:77,0
DA:88,0
DA:90,0
DA:93,0
DA:111,0
DA:113,0
DA:116,0
DA:133,0
DA:135,0
DA:140,0
DA:147,0
DA:149,0
DA:152,0
DA:159,0
DA:161,0
DA:162,0
DA:169,0
DA:172,0
DA:173,0
DA:174,0
DA:175,0
DA:176,0
DA:177,0
DA:178,0
DA:179,0
DA:180,0
DA:181,0
DA:182,0
DA:183,0
DA:184,0
DA:185,0
DA:186,0
LF:52
LH:0
BRDA:29,0,0,0
BRDA:29,0,1,0
BRDA:82,1,0,0
BRDA:82,1,1,0
BRDA:143,2,0,0
BRDA:143,2,1,0
BRF:6
BRH:0
end_of_record
TN:
SF:client/src/components/ui/dialog.tsx
FN:20,(anonymous_7)
FN:35,(anonymous_8)
FN:56,(anonymous_9)
FN:61,(anonymous_10)
FN:72,(anonymous_11)
FN:84,(anonymous_12)
FNF:6
FNH:0
FNDA:0,(anonymous_7)
FNDA:0,(anonymous_8)
FNDA:0,(anonymous_9)
FNDA:0,(anonymous_10)
FNDA:0,(anonymous_11)
FNDA:0,(anonymous_12)
DA:3,0
DA:4,0
DA:5,0
DA:7,0
DA:9,0
DA:11,0
DA:13,0
DA:15,0
DA:17,0
DA:20,0
DA:30,0
DA:32,0
DA:35,0
DA:54,0
DA:56,0
DA:59,0
DA:61,0
DA:67,0
DA:69,0
DA:72,0
DA:79,0
DA:81,0
DA:84,0
DA:91,0
DA:94,0
DA:95,0
DA:96,0
DA:97,0
DA:98,0
DA:99,0
DA:100,0
DA:101,0
DA:102,0
DA:103,0
LF:34
LH:0
BRF:0
BRH:0
end_of_record
TN:
SF:client/src/components/ui/drawer.tsx
FN:8,(anonymous_7)
FN:25,(anonymous_8)
FN:37,(anonymous_9)
FN:55,(anonymous_10)
FN:60,(anonymous_11)
FN:68,(anonymous_12)
FN:80,(anonymous_13)
FNF:7
FNH:0
FNDA:0,(anonymous_7)
FNDA:0,(anonymous_8)
FNDA:0,(anonymous_9)
FNDA:0,(anonymous_10)
FNDA:0,(anonymous_11)
FNDA:0,(anonymous_12)
FNDA:0,(anonymous_13)
DA:3,0
DA:4,0
DA:6,0
DA:8,0
DA:9,0
DA:10,0
DA:11,0
DA:14,0
DA:16,0
DA:18,0
DA:20,0
DA:22,0
DA:25,0
DA:32,0
DA:34,0
DA:37,0
DA:53,0
DA:55,0
DA:58,0
DA:60,0
DA:63,0
DA:65,0
DA:68,0
DA:75,0
DA:77,0
DA:80,0
DA:87,0
DA:90,0
DA:91,0
DA:92,0
DA:93,0
DA:94,0
DA:95,0
DA:96,0
DA:97,0
DA:98,0
DA:99,0
LF:37
LH:0
BRDA:9,0,0,0
BRF:1
BRH:0
end_of_record
TN:
SF:client/src/components/ui/dropdown-menu.tsx
FN:24,(anonymous_7)
FN:43,(anonymous_8)
FN:58,(anonymous_9)
FN:78,(anonymous_10)
FN:94,(anonymous_11)
FN:117,(anonymous_12)
FN:141,(anonymous_13)
FN:153,(anonymous_14)
FN:162,(anonymous_15)
FNF:9
FNH:0
FNDA:0,(anonymous_7)
FNDA:0,(anonymous_8)
FNDA:0,(anonymous_9)
FNDA:0,(anonymous_10)
FNDA:0,(anonymous_11)
FNDA:0,(anonymous_12)
FNDA:0,(anonymous_13)
FNDA:0,(anonymous_14)
FNDA:0,(anonymous_15)
DA:1,0
DA:2,0
DA:3,0
DA:5,0
DA:7,0
DA:9,0
DA:11,0
DA:13,0
DA:15,0
DA:17,0
DA:19,0
DA:24,0
DA:38,0
DA:40,0
DA:43,0
DA:53,0
DA:55,0
DA:58,0
DA:71,0
DA:73,0
DA:78,0
DA:89,0
DA:91,0
DA:94,0
DA:112,0
DA:114,0
DA:117,0
DA:134,0
DA:136,0
DA:141,0
DA:148,0
DA:150,0
DA:153,0
DA:160,0
DA:162,0
DA:163,0
DA:167,0
DA:170,0
DA:171,0
DA:172,0
DA:173,0
DA:174,0
DA:175,0
DA:176,0
DA:177,0
DA:178,0
DA:179,0
DA:180,0
DA:181,0
DA:182,0
DA:183,0
DA:184,0
LF:52
LH:0
BRDA:29,0,0,0
BRDA:29,0,1,0
BRDA:58,1,0,0
BRDA:83,2,0,0
BRDA:83,2,1,0
BRDA:144,3,0,0
BRDA:144,3,1,0
BRF:7
BRH:0
end_of_record
TN:
SF:client/src/components/ui/form.tsx
FN:29,(anonymous_7)
FN:42,(anonymous_8)
FN:72,(anonymous_9)
FN:87,(anonymous_10)
FN:104,(anonymous_11)
FN:122,(anonymous_12)
FN:139,(anonymous_13)
FNF:7
FNH:0
FNDA:0,(anonymous_7)
FNDA:0,(anonymous_8)
FNDA:0,(anonymous_9)
FNDA:0,(anonymous_10)
FNDA:0,(anonymous_11)
FNDA:0,(anonymous_12)
FNDA:0,(anonymous_13)
DA:3,0
DA:5,0
DA:6,0
DA:15,0
DA:16,0
DA:18,0
DA:27,0
DA:29,0
DA:33,0
DA:35,0
DA:42,0
DA:43,0
DA:44,0
DA:45,0
DA:47,0
DA:49,0
DA:50,0
DA:53,0
DA:55,0
DA:69,0
DA:71,0
DA:72,0
DA:73,0
DA:75,0
DA:82,0
DA:84,0
DA:87,0
DA:88,0
DA:90,0
DA:99,0
DA:101,0
DA:104,0
DA:105,0
DA:107,0
DA:117,0
DA:119,0
DA:122,0
DA:123,0
DA:125,0
DA:134,0
DA:136,0
DA:139,0
DA:140,0
DA:141,0
DA:143,0
DA:144,0
DA:147,0
DA:158,0
DA:161,0
DA:162,0
DA:163,0
DA:164,0
DA:165,0
DA:166,0
DA:167,0
DA:168,0
LF:56
LH:0
BRDA:49,0,0,0
BRDA:49,0,1,0
BRDA:93,1,0,0
BRDA:93,1,1,0
BRDA:111,2,0,0
BRDA:111,2,1,0
BRDA:141,3,0,0
BRDA:141,3,1,0
BRDA:141,4,0,0
BRDA:141,4,1,0
BRDA:141,5,0,0
BRDA:141,5,1,0
BRDA:141,6,0,0
BRDA:141,6,1,0
BRDA:141,7,0,0
BRDA:141,7,1,0
BRDA:143,8,0,0
BRDA:143,8,1,0
BRF:18
BRH:0
end_of_record
TN:
SF:client/src/components/ui/hover-card.tsx
FN:15,(anonymous_7)
FNF:1
FNH:0
FNDA:0,(anonymous_7)
DA:3,0
DA:4,0
DA:6,0
DA:8,0
DA:10,0
DA:12,0
DA:15,0
DA:27,0
DA:29,0
LF:9
LH:0
BRDA:15,0,0,0
BRDA:15,1,0,0
BRF:2
BRH:0
end_of_record
TN:
SF:client/src/components/ui/input-otp.tsx
FN:10,(anonymous_7)
FN:26,(anonymous_8)
FN:34,(anonymous_9)
FN:62,(anonymous_10)
FNF:4
FNH:0
FNDA:0,(anonymous_7)
FNDA:0,(anonymous_8)
FNDA:0,(anonymous_9)
FNDA:0,(anonymous_10)
DA:1,0
DA:2,0
DA:3,0
DA:5,0
DA:7,0
DA:10,0
DA:21,0
DA:23,0
DA:26,0
DA:29,0
DA:31,0
DA:34,0
DA:35,0
DA:36,0
DA:38,0
DA:57,0
DA:59,0
DA:62,0
DA:67,0
DA:69,0
LF:20
LH:0
BRDA:43,0,0,0
BRDA:43,0,1,0
BRDA:49,1,0,0
BRDA:49,1,1,0
BRF:4
BRH:0
end_of_record
TN:
SF:client/src/components/ui/input.tsx
FN:6,(anonymous_7)
FNF:1
FNH:0
FNDA:0,(anonymous_7)
DA:1,0
DA:3,0
DA:5,0
DA:6,0
DA:7,0
DA:20,0
DA:22,0
LF:7
LH:0
BRF:0
BRH:0
end_of_record
TN:
SF:client/src/components/ui/label.tsx
FN:14,(anonymous_7)
FNF:1
FNH:0
FNDA:0,(anonymous_7)
DA:1,0
DA:2,0
DA:3,0
DA:5,0
DA:7,0
DA:11,0
DA:14,0
DA:17,0
DA:19,0
LF:9
LH:0
BRF:0
BRH:0
end_of_record
TN:
SF:client/src/components/ui/language-switcher.tsx
FN:23,LanguageSwitcher
FN:29,(anonymous_1)
FN:37,(anonymous_2)
FNF:3
FNH:0
FNDA:0,LanguageSwitcher
FNDA:0,(anonymous_1)
FNDA:0,(anonymous_2)
DA:1,0
DA:23,0
DA:24,0
DA:26,0
DA:29,0
DA:37,0
LF:6
LH:0
BRDA:31,0,0,0
BRDA:31,0,1,0
BRDA:39,1,0,0
BRDA:39,1,1,0
BRF:4
BRH:0
end_of_record
TN:
SF:client/src/components/ui/loading-spinner.tsx
FN:21,LoadingSpinner
FNF:1
FNH:1
FNDA:2,LoadingSpinner
DA:1,1
DA:21,1
DA:22,2
LF:3
LH:3
BRF:0
BRH:0
end_of_record
TN:
SF:client/src/components/ui/menubar.tsx
FN:9,MenubarMenu
FN:13,MenubarGroup
FN:17,MenubarPortal
FN:21,MenubarRadioGroup
FN:25,MenubarSub
FN:32,(anonymous_12)
FN:47,(anonymous_13)
FN:64,(anonymous_14)
FN:83,(anonymous_15)
FN:98,(anonymous_16)
FN:120,(anonymous_17)
FN:136,(anonymous_18)
FN:159,(anonymous_19)
FN:183,(anonymous_20)
FN:195,(anonymous_21)
FN:204,(anonymous_22)
FNF:16
FNH:0
FNDA:0,MenubarMenu
FNDA:0,MenubarGroup
FNDA:0,MenubarPortal
FNDA:0,MenubarRadioGroup
FNDA:0,MenubarSub
FNDA:0,(anonymous_12)
FNDA:0,(anonymous_13)
FNDA:0,(anonymous_14)
FNDA:0,(anonymous_15)
FNDA:0,(anonymous_16)
FNDA:0,(anonymous_17)
FNDA:0,(anonymous_18)
FNDA:0,(anonymous_19)
FNDA:0,(anonymous_20)
FNDA:0,(anonymous_21)
FNDA:0,(anonymous_22)
DA:3,0
DA:4,0
DA:5,0
DA:7,0
DA:9,0
DA:10,0
DA:13,0
DA:14,0
DA:17,0
DA:18,0
DA:21,0
DA:22,0
DA:25,0
DA:26,0
DA:29,0
DA:32,0
DA:42,0
DA:44,0
DA:47,0
DA:57,0
DA:59,0
DA:64,0
DA:78,0
DA:80,0
DA:83,0
DA:93,0
DA:95,0
DA:98,0
DA:113,0
DA:115,0
DA:120,0
DA:131,0
DA:133,0
DA:136,0
DA:154,0
DA:156,0
DA:159,0
DA:176,0
DA:178,0
DA:183,0
DA:190,0
DA:192,0
DA:195,0
DA:202,0
DA:204,0
DA:205,0
DA:212,0
DA:215,0
DA:216,0
DA:217,0
DA:218,0
DA:219,0
DA:220,0
DA:221,0
DA:222,0
DA:223,0
DA:224,0
DA:225,0
DA:226,0
DA:227,0
DA:228,0
DA:229,0
DA:230,0
LF:63
LH:0
BRDA:69,0,0,0
BRDA:69,0,1,0
BRDA:98,1,0,0
BRDA:98,2,0,0
BRDA:98,3,0,0
BRDA:125,4,0,0
BRDA:125,4,1,0
BRDA:186,5,0,0
BRDA:186,5,1,0
BRF:9
BRH:0
end_of_record
TN:
SF:client/src/components/ui/navigation-menu.tsx
FN:11,(anonymous_7)
FN:26,(anonymous_8)
FN:44,(anonymous_9)
FN:62,(anonymous_10)
FN:79,(anonymous_11)
FN:96,(anonymous_12)
FNF:6
FNH:0
FNDA:0,(anonymous_7)
FNDA:0,(anonymous_8)
FNDA:0,(anonymous_9)
FNDA:0,(anonymous_10)
FNDA:0,(anonymous_11)
FNDA:0,(anonymous_12)
DA:1,0
DA:2,0
DA:3,0
DA:4,0
DA:6,0
DA:8,0
DA:11,0
DA:21,0
DA:23,0
DA:26,0
DA:33,0
DA:35,0
DA:37,0
DA:41,0
DA:44,0
DA:57,0
DA:59,0
DA:62,0
DA:72,0
DA:74,0
DA:76,0
DA:79,0
DA:91,0
DA:93,0
DA:96,0
DA:108,0
DA:111,0
DA:112,0
DA:113,0
DA:114,0
DA:115,0
DA:116,0
DA:117,0
DA:118,0
DA:119,0
LF:35
LH:0
BRF:0
BRH:0
end_of_record
TN:
SF:client/src/components/ui/pagination.tsx
FN:7,(anonymous_7)
FN:18,(anonymous_8)
FN:25,(anonymous_9)
FN:34,(anonymous_10)
FN:49,(anonymous_11)
FN:65,(anonymous_12)
FN:78,(anonymous_13)
FNF:7
FNH:0
FNDA:0,(anonymous_7)
FNDA:0,(anonymous_8)
FNDA:0,(anonymous_9)
FNDA:0,(anonymous_10)
FNDA:0,(anonymous_11)
FNDA:0,(anonymous_12)
FNDA:0,(anonymous_13)
DA:1,0
DA:2,0
DA:4,0
DA:5,0
DA:7,0
DA:15,0
DA:17,0
DA:18,0
DA:22,0
DA:24,0
DA:25,0
DA:27,0
DA:34,0
DA:47,0
DA:49,0
DA:50,0
DA:51,0
DA:52,0
DA:63,0
DA:65,0
DA:76,0
DA:78,0
DA:88,0
DA:91,0
DA:92,0
DA:93,0
DA:94,0
DA:95,0
DA:96,0
DA:97,0
LF:30
LH:0
BRDA:34,0,0,0
BRDA:36,1,0,0
BRDA:36,1,1,0
BRDA:39,2,0,0
BRDA:39,2,1,0
BRF:5
BRH:0
end_of_record
TN:
SF:client/src/components/ui/popover.tsx
FN:13,(anonymous_7)
FNF:1
FNH:0
FNDA:0,(anonymous_7)
DA:1,0
DA:2,0
DA:4,0
DA:6,0
DA:8,0
DA:10,0
DA:13,0
DA:27,0
DA:29,0
LF:9
LH:0
BRDA:13,0,0,0
BRDA:13,1,0,0
BRF:2
BRH:0
end_of_record
TN:
SF:client/src/components/ui/progress.tsx
FN:11,(anonymous_7)
FNF:1
FNH:0
FNDA:0,(anonymous_7)
DA:3,0
DA:4,0
DA:6,0
DA:8,0
DA:11,0
DA:23,0
DA:25,0
LF:7
LH:0
BRDA:19,0,0,0
BRDA:19,0,1,0
BRF:2
BRH:0
end_of_record
TN:
SF:client/src/components/ui/radio-group.tsx
FN:10,(anonymous_7)
FN:18,(anonymous_8)
FNF:2
FNH:0
FNDA:0,(anonymous_7)
FNDA:0,(anonymous_8)
DA:1,0
DA:2,0
DA:3,0
DA:5,0
DA:7,0
DA:10,0
DA:11,0
DA:13,0
DA:15,0
DA:18,0
DA:19,0
DA:34,0
DA:36,0
LF:13
LH:0
BRF:0
BRH:0
end_of_record
TN:
SF:client/src/components/ui/resizable.tsx
FN:8,(anonymous_7)
FN:20,(anonymous_8)
FNF:2
FNH:0
FNDA:0,(anonymous_7)
FNDA:0,(anonymous_8)
DA:3,0
DA:4,0
DA:6,0
DA:8,0
DA:9,0
DA:10,0
DA:11,0
DA:18,0
DA:20,0
DA:22,0
DA:23,0
DA:26,0
DA:42,0
LF:13
LH:0
BRDA:34,0,0,0
BRDA:34,0,1,0
BRF:2
BRH:0
end_of_record
TN:
SF:client/src/components/ui/scroll-area.tsx
FN:9,(anonymous_7)
FN:27,(anonymous_8)
FNF:2
FNH:0
FNDA:0,(anonymous_7)
FNDA:0,(anonymous_8)
DA:1,0
DA:2,0
DA:4,0
DA:6,0
DA:9,0
DA:22,0
DA:24,0
DA:27,0
DA:42,0
DA:44,0
LF:10
LH:0
BRDA:27,0,0,0
BRDA:33,1,0,0
BRDA:33,1,1,0
BRDA:34,2,0,0
BRDA:34,2,1,0
BRF:5
BRH:0
end_of_record
TN:
SF:client/src/components/ui/select.tsx
FN:18,(anonymous_7)
FN:38,(anonymous_8)
FN:52,(anonymous_9)
FN:66,(anonymous_10)
FN:98,(anonymous_11)
FN:110,(anonymous_12)
FN:133,(anonymous_13)
FNF:7
FNH:0
FNDA:0,(anonymous_7)
FNDA:0,(anonymous_8)
FNDA:0,(anonymous_9)
FNDA:0,(anonymous_10)
FNDA:0,(anonymous_11)
FNDA:0,(anonymous_12)
FNDA:0,(anonymous_13)
DA:3,0
DA:4,0
DA:5,0
DA:7,0
DA:9,0
DA:11,0
DA:13,0
DA:15,0
DA:18,0
DA:33,0
DA:35,0
DA:38,0
DA:47,0
DA:49,0
DA:52,0
DA:61,0
DA:63,0
DA:66,0
DA:93,0
DA:95,0
DA:98,0
DA:105,0
DA:107,0
DA:110,0
DA:128,0
DA:130,0
DA:133,0
DA:140,0
DA:143,0
DA:144,0
DA:145,0
DA:146,0
DA:147,0
DA:148,0
DA:149,0
DA:150,0
DA:151,0
DA:152,0
LF:38
LH:0
BRDA:66,0,0,0
BRDA:72,1,0,0
BRDA:72,1,1,0
BRDA:83,2,0,0
BRDA:83,2,1,0
BRF:5
BRH:0
end_of_record
TN:
SF:client/src/components/ui/separator.tsx
FN:9,(anonymous_7)
FNF:1
FNH:0
FNDA:0,(anonymous_7)
DA:1,0
DA:2,0
DA:4,0
DA:6,0
DA:9,0
DA:22,0
DA:24,0
LF:7
LH:0
BRDA:9,0,0,0
BRDA:9,1,0,0
BRDA:16,2,0,0
BRDA:16,2,1,0
BRF:4
BRH:0
end_of_record
TN:
SF:client/src/components/ui/sheet.tsx
FN:21,(anonymous_7)
FN:59,(anonymous_8)
FN:73,(anonymous_9)
FN:78,(anonymous_10)
FN:89,(anonymous_11)
FN:101,(anonymous_12)
FNF:6
FNH:0
FNDA:0,(anonymous_7)
FNDA:0,(anonymous_8)
FNDA:0,(anonymous_9)
FNDA:0,(anonymous_10)
FNDA:0,(anonymous_11)
FNDA:0,(anonymous_12)
DA:3,0
DA:4,0
DA:5,0
DA:6,0
DA:8,0
DA:10,0
DA:12,0
DA:14,0
DA:16,0
DA:18,0
DA:21,0
DA:31,0
DA:33,0
DA:56,0
DA:59,0
DA:71,0
DA:73,0
DA:76,0
DA:78,0
DA:84,0
DA:86,0
DA:89,0
DA:96,0
DA:98,0
DA:101,0
DA:108,0
DA:111,0
DA:112,0
DA:113,0
DA:114,0
DA:115,0
DA:116,0
DA:117,0
DA:118,0
DA:119,0
DA:120,0
LF:36
LH:0
BRDA:59,0,0,0
BRF:1
BRH:0
end_of_record
TN:
SF:client/src/components/ui/sidebar.tsx
FN:40,useSidebar
FN:57,(anonymous_8)
FN:77,(anonymous_9)
FN:90,(anonymous_10)
FN:98,(anonymous_11)
FN:100,(anonymous_12)
FN:103,(anonymous_13)
FN:108,(anonymous_14)
FN:109,(anonymous_15)
FN:117,(anonymous_16)
FN:125,(anonymous_17)
FN:172,(anonymous_18)
FN:185,(anonymous_19)
FN:198,(anonymous_20)
FN:220,(anonymous_21)
FN:232,(anonymous_22)
FN:246,(anonymous_23)
FN:281,(anonymous_24)
FN:291,(anonymous_25)
FN:305,(anonymous_26)
FN:333,(anonymous_27)
FN:352,(anonymous_28)
FN:368,(anonymous_29)
FN:382,(anonymous_30)
FN:398,(anonymous_31)
FN:411,(anonymous_32)
FN:428,(anonymous_33)
FN:444,(anonymous_34)
FN:465,(anonymous_35)
FN:486,(anonymous_36)
FN:498,(anonymous_37)
FN:510,(anonymous_38)
FN:551,(anonymous_39)
FN:608,(anonymous_40)
FN:634,(anonymous_41)
FN:658,(anonymous_42)
FN:660,(anonymous_43)
FN:687,(anonymous_44)
FN:703,(anonymous_45)
FN:714,(anonymous_46)
FNF:40
FNH:0
FNDA:0,useSidebar
FNDA:0,(anonymous_8)
FNDA:0,(anonymous_9)
FNDA:0,(anonymous_10)
FNDA:0,(anonymous_11)
FNDA:0,(anonymous_12)
FNDA:0,(anonymous_13)
FNDA:0,(anonymous_14)
FNDA:0,(anonymous_15)
FNDA:0,(anonymous_16)
FNDA:0,(anonymous_17)
FNDA:0,(anonymous_18)
FNDA:0,(anonymous_19)
FNDA:0,(anonymous_20)
FNDA:0,(anonymous_21)
FNDA:0,(anonymous_22)
FNDA:0,(anonymous_23)
FNDA:0,(anonymous_24)
FNDA:0,(anonymous_25)
FNDA:0,(anonymous_26)
FNDA:0,(anonymous_27)
FNDA:0,(anonymous_28)
FNDA:0,(anonymous_29)
FNDA:0,(anonymous_30)
FNDA:0,(anonymous_31)
FNDA:0,(anonymous_32)
FNDA:0,(anonymous_33)
FNDA:0,(anonymous_34)
FNDA:0,(anonymous_35)
FNDA:0,(anonymous_36)
FNDA:0,(anonymous_37)
FNDA:0,(anonymous_38)
FNDA:0,(anonymous_39)
FNDA:0,(anonymous_40)
FNDA:0,(anonymous_41)
FNDA:0,(anonymous_42)
FNDA:0,(anonymous_43)
FNDA:0,(anonymous_44)
FNDA:0,(anonymous_45)
FNDA:0,(anonymous_46)
DA:1,0
DA:2,0
DA:3,0
DA:4,0
DA:6,0
DA:7,0
DA:8,0
DA:9,0
DA:10,0
DA:11,0
DA:18,0
DA:19,0
DA:21,0
DA:22,0
DA:23,0
DA:24,0
DA:25,0
DA:26,0
DA:38,0
DA:41,0
DA:42,0
DA:43,0
DA:46,0
DA:49,0
DA:64,0
DA:65,0
DA:69,0
DA:70,0
DA:74,0
DA:75,0
DA:76,0
DA:78,0
DA:79,0
DA:81,0
DA:84,0
DA:89,0
DA:91,0
DA:92,0
DA:98,0
DA:99,0
DA:100,0
DA:103,0
DA:104,0
DA:108,0
DA:109,0
DA:110,0
DA:111,0
DA:112,0
DA:116,0
DA:117,0
DA:122,0
DA:124,0
DA:125,0
DA:137,0
DA:162,0
DA:164,0
DA:178,0
DA:179,0
DA:183,0
DA:185,0
DA:186,0
DA:198,0
DA:199,0
DA:220,0
DA:221,0
DA:222,0
DA:232,0
DA:233,0
DA:234,0
DA:246,0
DA:247,0
DA:267,0
DA:268,0
DA:270,0
DA:271,0
DA:273,0
DA:276,0
DA:278,0
DA:281,0
DA:282,0
DA:284,0
DA:292,0
DA:293,0
DA:302,0
DA:304,0
DA:305,0
DA:306,0
DA:308,0
DA:330,0
DA:332,0
DA:333,0
DA:334,0
DA:347,0
DA:349,0
DA:352,0
DA:353,0
DA:365,0
DA:367,0
DA:368,0
DA:369,0
DA:379,0
DA:381,0
DA:382,0
DA:383,0
DA:393,0
DA:395,0
DA:398,0
DA:399,0
DA:408,0
DA:410,0
DA:411,0
DA:412,0
DA:425,0
DA:427,0
DA:428,0
DA:429,0
DA:439,0
DA:441,0
DA:444,0
DA:445,0
DA:447,0
DA:460,0
DA:462,0
DA:465,0
DA:466,0
DA:468,0
DA:483,0
DA:485,0
DA:486,0
DA:495,0
DA:497,0
DA:498,0
DA:507,0
DA:509,0
DA:510,0
DA:519,0
DA:521,0
DA:543,0
DA:558,0
DA:559,0
DA:563,0
DA:564,0
DA:567,0
DA:577,0
DA:578,0
DA:581,0
DA:582,0
DA:587,0
DA:600,0
DA:602,0
DA:608,0
DA:609,0
DA:611,0
DA:631,0
DA:633,0
DA:634,0
DA:651,0
DA:653,0
DA:658,0
DA:660,0
DA:661,0
DA:664,0
DA:684,0
DA:686,0
DA:687,0
DA:700,0
DA:702,0
DA:703,0
DA:705,0
DA:707,0
DA:714,0
DA:715,0
DA:717,0
DA:735,0
DA:738,0
DA:739,0
DA:740,0
DA:741,0
DA:742,0
DA:743,0
DA:744,0
DA:745,0
DA:746,0
DA:747,0
DA:748,0
DA:749,0
DA:750,0
DA:751,0
DA:752,0
DA:753,0
DA:754,0
DA:755,0
DA:756,0
DA:757,0
DA:758,0
DA:759,0
DA:760,0
DA:761,0
LF:198
LH:0
BRDA:42,0,0,0
BRDA:42,0,1,0
BRDA:59,1,0,0
BRDA:75,2,0,0
BRDA:75,2,1,0
BRDA:75,3,0,0
BRDA:75,3,1,0
BRDA:78,4,0,0
BRDA:78,4,1,0
BRDA:91,5,0,0
BRDA:91,5,1,0
BRDA:99,6,0,0
BRDA:99,6,1,0
BRDA:104,7,0,0
BRDA:104,7,1,0
BRDA:104,7,2,0
BRDA:110,8,0,0
BRDA:110,8,1,0
BRDA:122,9,0,0
BRDA:122,9,1,0
BRDA:174,10,0,0
BRDA:175,11,0,0
BRDA:176,12,0,0
BRDA:221,13,0,0
BRDA:221,13,1,0
BRDA:226,14,0,0
BRDA:226,14,1,0
BRDA:233,15,0,0
BRDA:233,15,1,0
BRDA:236,16,0,0
BRDA:236,16,1,0
BRDA:239,17,0,0
BRDA:239,17,1,0
BRDA:251,18,0,0
BRDA:251,18,1,0
BRDA:267,19,0,0
BRDA:267,19,1,0
BRDA:270,20,0,0
BRDA:270,20,1,0
BRDA:292,21,0,0
BRDA:292,21,1,0
BRDA:292,22,0,0
BRDA:292,22,1,0
BRDA:444,23,0,0
BRDA:445,24,0,0
BRDA:445,24,1,0
BRDA:465,25,0,0
BRDA:466,26,0,0
BRDA:466,26,1,0
BRDA:553,27,0,0
BRDA:554,28,0,0
BRDA:555,29,0,0
BRDA:556,30,0,0
BRDA:563,31,0,0
BRDA:563,31,1,0
BRDA:577,32,0,0
BRDA:577,32,1,0
BRDA:581,33,0,0
BRDA:581,33,1,0
BRDA:593,34,0,0
BRDA:593,34,1,0
BRDA:608,35,0,0
BRDA:608,36,0,0
BRDA:609,37,0,0
BRDA:609,37,1,0
BRDA:623,38,0,0
BRDA:623,38,1,0
BRDA:658,39,0,0
BRDA:671,40,0,0
BRDA:671,40,1,0
BRDA:714,41,0,0
BRDA:714,42,0,0
BRDA:715,43,0,0
BRDA:715,43,1,0
BRDA:726,44,0,0
BRDA:726,44,1,0
BRDA:727,45,0,0
BRDA:727,45,1,0
BRF:78
BRH:0
end_of_record
TN:
SF:client/src/components/ui/skeleton.tsx
FN:3,Skeleton
FNF:1
FNH:0
FNDA:0,Skeleton
DA:1,0
DA:3,0
DA:4,0
DA:7,0
LF:4
LH:0
BRF:0
BRH:0
end_of_record
TN:
SF:client/src/components/ui/slider.tsx
FN:9,(anonymous_7)
FNF:1
FNH:0
FNDA:0,(anonymous_7)
DA:1,0
DA:2,0
DA:4,0
DA:6,0
DA:9,0
DA:21,0
DA:23,0
LF:7
LH:0
BRF:0
BRH:0
end_of_record
TN:
SF:client/src/components/ui/switch.tsx
FN:9,(anonymous_7)
FNF:1
FNH:0
FNDA:0,(anonymous_7)
DA:1,0
DA:2,0
DA:4,0
DA:6,0
DA:9,0
DA:25,0
DA:27,0
LF:7
LH:0
BRF:0
BRH:0
end_of_record
TN:
SF:client/src/components/ui/table.tsx
FN:6,(anonymous_7)
FN:17,(anonymous_8)
FN:25,(anonymous_9)
FN:33,(anonymous_10)
FN:43,(anonymous_11)
FN:59,(anonymous_12)
FN:74,(anonymous_13)
FN:86,(anonymous_14)
FNF:8
FNH:0
FNDA:0,(anonymous_7)
FNDA:0,(anonymous_8)
FNDA:0,(anonymous_9)
FNDA:0,(anonymous_10)
FNDA:0,(anonymous_11)
FNDA:0,(anonymous_12)
FNDA:0,(anonymous_13)
FNDA:0,(anonymous_14)
DA:1,0
DA:3,0
DA:5,0
DA:6,0
DA:12,0
DA:14,0
DA:17,0
DA:20,0
DA:22,0
DA:25,0
DA:28,0
DA:30,0
DA:33,0
DA:40,0
DA:42,0
DA:43,0
DA:54,0
DA:56,0
DA:59,0
DA:69,0
DA:71,0
DA:74,0
DA:81,0
DA:83,0
DA:86,0
DA:89,0
DA:91,0
LF:27
LH:0
BRF:0
BRH:0
end_of_record
TN:
SF:client/src/components/ui/tabs.tsx
FN:11,(anonymous_7)
FN:26,(anonymous_8)
FN:41,(anonymous_9)
FNF:3
FNH:0
FNDA:0,(anonymous_7)
FNDA:0,(anonymous_8)
FNDA:0,(anonymous_9)
DA:1,0
DA:2,0
DA:4,0
DA:6,0
DA:8,0
DA:11,0
DA:21,0
DA:23,0
DA:26,0
DA:36,0
DA:38,0
DA:41,0
DA:51,0
DA:53,0
LF:14
LH:0
BRF:0
BRH:0
end_of_record
TN:
SF:client/src/components/ui/textarea.tsx
FN:6,(anonymous_7)
FNF:1
FNH:0
FNDA:0,(anonymous_7)
DA:1,0
DA:3,0
DA:5,0
DA:6,0
DA:7,0
DA:19,0
DA:21,0
LF:7
LH:0
BRF:0
BRH:0
end_of_record
TN:
SF:client/src/components/ui/toast.tsx
FN:13,(anonymous_7)
FN:44,(anonymous_8)
FN:58,(anonymous_9)
FN:73,(anonymous_10)
FN:91,(anonymous_11)
FN:99,(anonymous_12)
FNF:6
FNH:0
FNDA:0,(anonymous_7)
FNDA:0,(anonymous_8)
FNDA:0,(anonymous_9)
FNDA:0,(anonymous_10)
FNDA:0,(anonymous_11)
FNDA:0,(anonymous_12)
DA:1,0
DA:2,0
DA:3,0
DA:4,0
DA:6,0
DA:8,0
DA:10,0
DA:13,0
DA:23,0
DA:25,0
DA:41,0
DA:44,0
DA:45,0
DA:53,0
DA:55,0
DA:58,0
DA:68,0
DA:70,0
DA:73,0
DA:86,0
DA:88,0
DA:91,0
DA:94,0
DA:96,0
DA:99,0
DA:106,0
DA:115,0
DA:116,0
DA:117,0
DA:118,0
DA:119,0
DA:120,0
DA:121,0
LF:33
LH:0
BRF:0
BRH:0
end_of_record
TN:
SF:client/src/components/ui/toaster.tsx
FN:11,Toaster
FN:16,(anonymous_2)
FNF:2
FNH:0
FNDA:0,Toaster
FNDA:0,(anonymous_2)
DA:1,0
DA:2,0
DA:11,0
DA:12,0
DA:14,0
DA:16,0
DA:17,0
LF:7
LH:0
BRDA:20,0,0,0
BRDA:20,0,1,0
BRDA:21,1,0,0
BRDA:21,1,1,0
BRF:4
BRH:0
end_of_record
TN:
SF:client/src/components/ui/toggle-group.tsx
FN:19,(anonymous_7)
FN:35,(anonymous_8)
FNF:2
FNH:0
FNDA:0,(anonymous_7)
FNDA:0,(anonymous_8)
DA:3,0
DA:4,0
DA:7,0
DA:8,0
DA:10,0
DA:15,0
DA:19,0
DA:29,0
DA:31,0
DA:35,0
DA:36,0
DA:38,0
DA:55,0
DA:57,0
LF:14
LH:0
BRDA:43,0,0,0
BRDA:43,0,1,0
BRDA:44,1,0,0
BRDA:44,1,1,0
BRF:4
BRH:0
end_of_record
TN:
SF:client/src/components/ui/toggle.tsx
FN:31,(anonymous_7)
FNF:1
FNH:0
FNDA:0,(anonymous_7)
DA:1,0
DA:2,0
DA:3,0
DA:5,0
DA:7,0
DA:28,0
DA:31,0
DA:39,0
DA:41,0
LF:9
LH:0
BRF:0
BRH:0
end_of_record
TN:
SF:client/src/components/ui/tooltip.tsx
FN:17,(anonymous_7)
FNF:1
FNH:0
FNDA:0,(anonymous_7)
DA:3,0
DA:4,0
DA:6,0
DA:8,0
DA:10,0
DA:12,0
DA:14,0
DA:17,0
DA:28,0
DA:30,0
LF:10
LH:0
BRDA:17,0,0,0
BRF:1
BRH:0
end_of_record
TN:
SF:client/src/hooks/use-language.tsx
FN:32,LanguageProvider
FN:35,(anonymous_1)
FN:59,useLanguage
FNF:3
FNH:3
FNDA:11,LanguageProvider
FNDA:11,(anonymous_1)
FNDA:16,useLanguage
DA:1,3
DA:2,3
DA:14,3
DA:32,3
DA:33,11
DA:35,11
DA:36,11
DA:39,11
DA:59,3
DA:60,16
DA:61,15
DA:62,4
DA:64,11
LF:13
LH:13
BRDA:36,0,0,11
BRDA:36,0,1,2
BRDA:61,1,0,4
BRDA:61,1,1,11
BRF:4
BRH:4
end_of_record
TN:
SF:client/src/hooks/use-mobile.tsx
FN:23,useIsMobile
FN:26,(anonymous_7)
FN:28,(anonymous_8)
FN:33,(anonymous_9)
FNF:4
FNH:3
FNDA:6,useIsMobile
FNDA:3,(anonymous_7)
FNDA:0,(anonymous_8)
FNDA:3,(anonymous_9)
DA:1,1
DA:3,1
DA:23,1
DA:24,6
DA:26,6
DA:27,3
DA:28,3
DA:29,0
DA:31,3
DA:32,3
DA:33,3
DA:36,6
LF:12
LH:11
BRF:0
BRH:0
end_of_record
TN:
SF:client/src/hooks/use-toast.ts
FN:38,genId
FN:81,(anonymous_8)
FN:86,(anonymous_9)
FN:97,(anonymous_10)
FN:108,(anonymous_11)
FN:119,(anonymous_12)
FN:126,(anonymous_13)
FN:145,(anonymous_14)
FN:165,dispatch
FN:167,(anonymous_16)
FN:198,toast
FN:201,(anonymous_18)
FN:206,(anonymous_19)
FN:214,(anonymous_20)
FN:255,useToast
FN:258,(anonymous_22)
FN:260,(anonymous_23)
FN:271,(anonymous_24)
FNF:18
FNH:12
FNDA:6,genId
FNDA:1,(anonymous_8)
FNDA:0,(anonymous_9)
FNDA:7,(anonymous_10)
FNDA:0,(anonymous_11)
FNDA:1,(anonymous_12)
FNDA:1,(anonymous_13)
FNDA:0,(anonymous_14)
FNDA:7,dispatch
FNDA:4,(anonymous_16)
FNDA:6,toast
FNDA:0,(anonymous_18)
FNDA:0,(anonymous_19)
FNDA:0,(anonymous_20)
FNDA:7,useToast
FNDA:7,(anonymous_22)
FNDA:7,(anonymous_23)
FNDA:1,(anonymous_24)
DA:1,1
DA:5,1
DA:6,1
DA:19,1
DA:26,1
DA:39,6
DA:40,6
DA:79,1
DA:81,1
DA:82,1
DA:83,0
DA:86,1
DA:87,0
DA:88,0
DA:94,1
DA:97,1
DA:98,7
DA:100,6
DA:106,0
DA:108,0
DA:112,1
DA:116,1
DA:117,0
DA:119,1
DA:120,1
DA:124,1
DA:127,1
DA:137,0
DA:138,0
DA:143,0
DA:145,0
DA:150,1
DA:152,1
DA:166,7
DA:167,7
DA:168,4
DA:198,6
DA:199,6
DA:201,6
DA:202,0
DA:206,6
DA:208,6
DA:215,0
DA:216,0
DA:222,6
DA:256,7
DA:258,7
DA:259,7
DA:260,7
DA:261,7
DA:262,7
DA:263,7
DA:268,7
DA:271,1
DA:275,1
LF:55
LH:42
BRDA:82,0,0,0
BRDA:82,0,1,1
BRDA:98,1,0,6
BRDA:98,1,1,0
BRDA:98,1,2,1
BRDA:98,1,3,0
BRDA:108,2,0,0
BRDA:108,2,1,0
BRDA:116,3,0,0
BRDA:116,3,1,1
BRDA:127,4,0,1
BRDA:127,4,1,0
BRDA:127,5,0,1
BRDA:127,5,1,1
BRDA:137,6,0,0
BRDA:137,6,1,0
BRDA:215,7,0,0
BRDA:215,7,1,0
BRDA:262,8,0,7
BRDA:262,8,1,0
BRF:20
BRH:8
end_of_record
TN:
SF:client/src/lib/i18n.ts
FNF:0
FNH:0
DA:69,3
DA:185,3
LF:2
LH:2
BRF:0
BRH:0
end_of_record
TN:
SF:client/src/lib/queryClient.ts
FN:10,throwIfResNotOk
FN:27,apiRequest
FN:59,(anonymous_11)
FN:60,(anonymous_12)
FN:60,(anonymous_13)
FNF:5
FNH:0
FNDA:0,throwIfResNotOk
FNDA:0,apiRequest
FNDA:0,(anonymous_11)
FNDA:0,(anonymous_12)
FNDA:0,(anonymous_13)
DA:1,0
DA:11,0
DA:12,0
DA:13,0
DA:27,0
DA:32,0
DA:39,0
DA:40,0
DA:58,0
DA:59,0
DA:60,0
DA:61,0
DA:65,0
DA:66,0
DA:69,0
DA:70,0
DA:78,0
LF:17
LH:0
BRDA:11,0,0,0
BRDA:11,0,1,0
BRDA:12,1,0,0
BRDA:12,1,1,0
BRDA:34,2,0,0
BRDA:34,2,1,0
BRDA:35,3,0,0
BRDA:35,3,1,0
BRDA:65,4,0,0
BRDA:65,4,1,0
BRDA:65,5,0,0
BRDA:65,5,1,0
BRF:12
BRH:0
end_of_record
TN:
SF:client/src/lib/utils.ts
FN:16,cn
FNF:1
FNH:1
FNDA:3,cn
DA:1,1
DA:2,1
DA:16,1
DA:17,3
LF:4
LH:4
BRF:0
BRH:0
end_of_record
TN:
SF:client/src/lib/filter-sort/index.ts
FNF:0
FNH:0
DA:1,0
DA:2,0
DA:3,0
LF:3
LH:0
BRF:0
BRH:0
end_of_record
TN:
SF:client/src/lib/filter-sort/useFilterSort.ts
FN:92,useFilterSort
FN:96,(anonymous_1)
FN:118,(anonymous_2)
FN:125,(anonymous_3)
FN:131,(anonymous_4)
FN:132,(anonymous_5)
FN:135,(anonymous_6)
FN:144,(anonymous_7)
FN:145,(anonymous_8)
FN:147,(anonymous_9)
FN:151,(anonymous_10)
FN:152,(anonymous_11)
FN:154,(anonymous_12)
FN:158,(anonymous_13)
FN:159,(anonymous_14)
FN:163,(anonymous_15)
FN:164,(anonymous_16)
FN:168,(anonymous_17)
FN:169,(anonymous_18)
FN:179,(anonymous_19)
FN:194,(anonymous_20)
FN:195,(anonymous_21)
FN:198,(anonymous_22)
FN:199,(anonymous_23)
FN:203,(anonymous_24)
FN:212,(anonymous_25)
FNF:26
FNH:17
FNDA:21,useFilterSort
FNDA:9,(anonymous_1)
FNDA:21,(anonymous_2)
FNDA:21,(anonymous_3)
FNDA:6,(anonymous_4)
FNDA:6,(anonymous_5)
FNDA:1,(anonymous_6)
FNDA:1,(anonymous_7)
FNDA:1,(anonymous_8)
FNDA:1,(anonymous_9)
FNDA:0,(anonymous_10)
FNDA:0,(anonymous_11)
FNDA:0,(anonymous_12)
FNDA:0,(anonymous_13)
FNDA:0,(anonymous_14)
FNDA:0,(anonymous_15)
FNDA:0,(anonymous_16)
FNDA:2,(anonymous_17)
FNDA:2,(anonymous_18)
FNDA:1,(anonymous_19)
FNDA:2,(anonymous_20)
FNDA:2,(anonymous_21)
FNDA:0,(anonymous_22)
FNDA:0,(anonymous_23)
FNDA:1,(anonymous_24)
FNDA:1,(anonymous_25)
DA:1,1
DA:9,1
DA:59,1
DA:92,1
DA:93,21
DA:96,21
DA:97,9
DA:98,9
DA:99,9
DA:100,0
DA:101,0
DA:103,0
DA:108,9
DA:115,21
DA:118,21
DA:119,21
DA:120,21
DA:125,21
DA:126,21
DA:130,21
DA:132,6
DA:133,6
DA:135,2
DA:136,2
DA:138,4
DA:144,21
DA:145,1
DA:147,1
DA:151,21
DA:152,0
DA:154,0
DA:158,21
DA:159,0
DA:163,21
DA:164,0
DA:167,21
DA:169,2
DA:170,2
DA:172,1
DA:173,0
DA:175,1
DA:179,1
DA:180,1
DA:194,21
DA:195,2
DA:198,21
DA:199,0
DA:203,21
DA:204,1
DA:212,21
DA:213,1
DA:221,21
DA:222,21
DA:223,21
DA:225,21
LF:55
LH:46
BRDA:97,0,0,9
BRDA:97,0,1,0
BRDA:97,1,0,9
BRDA:97,1,1,9
BRDA:99,2,0,0
BRDA:99,2,1,9
BRDA:109,3,0,9
BRDA:109,3,1,8
BRDA:109,4,0,8
BRDA:109,4,1,1
BRDA:109,5,0,9
BRDA:109,5,1,9
BRDA:110,6,0,9
BRDA:110,6,1,8
BRDA:110,7,0,8
BRDA:110,7,1,1
BRDA:110,8,0,9
BRDA:110,8,1,9
BRDA:111,9,0,9
BRDA:111,9,1,8
BRDA:111,10,0,8
BRDA:111,10,1,1
BRDA:111,11,0,9
BRDA:111,11,1,9
BRDA:119,12,0,21
BRDA:119,12,1,0
BRDA:119,13,0,21
BRDA:119,13,1,21
BRDA:133,14,0,2
BRDA:133,14,1,4
BRDA:154,15,0,0
BRDA:154,15,1,0
BRDA:170,16,0,1
BRDA:170,16,1,1
BRDA:170,17,0,1
BRDA:170,17,1,1
BRDA:170,18,0,2
BRDA:170,18,1,1
BRDA:172,19,0,0
BRDA:172,19,1,1
BRDA:184,20,0,1
BRDA:184,20,1,0
BRDA:184,21,0,0
BRDA:184,21,1,1
BRDA:184,22,0,1
BRDA:184,22,1,1
BRDA:206,23,0,1
BRDA:206,23,1,1
BRDA:214,24,0,1
BRDA:214,24,1,0
BRDA:214,25,0,0
BRDA:214,25,1,1
BRDA:214,26,0,1
BRDA:214,26,1,1
BRDA:215,27,0,1
BRDA:215,27,1,0
BRDA:215,28,0,0
BRDA:215,28,1,1
BRDA:215,29,0,1
BRDA:215,29,1,1
BRDA:216,30,0,1
BRDA:216,30,1,0
BRDA:216,31,0,0
BRDA:216,31,1,1
BRDA:216,32,0,1
BRDA:216,32,1,1
BRDA:221,33,0,21
BRDA:221,33,1,12
BRF:68
BRH:54
end_of_record
TN:
SF:client/src/lib/filter-sort/utils.ts
FN:8,applyFilter
FN:74,applyFilters
FN:79,(anonymous_2)
FN:79,(anonymous_3)
FN:88,applySearch
FN:95,(anonymous_5)
FN:98,(anonymous_6)
FN:114,applySort
FN:119,(anonymous_8)
FN:159,applyFilterSort
FN:185,getNestedValue
FN:186,(anonymous_11)
FN:194,searchInObject
FN:208,(anonymous_13)
FN:212,(anonymous_14)
FN:222,getDefaultOperators
FN:268,getOperatorLabel
FNF:17
FNH:16
FNDA:56,applyFilter
FNDA:25,applyFilters
FNDA:36,(anonymous_2)
FNDA:40,(anonymous_3)
FNDA:26,applySearch
FNDA:16,(anonymous_5)
FNDA:23,(anonymous_6)
FNDA:26,applySort
FNDA:17,(anonymous_8)
FNDA:22,applyFilterSort
FNDA:113,getNestedValue
FNDA:113,(anonymous_11)
FNDA:19,searchInObject
FNDA:0,(anonymous_13)
FNDA:16,(anonymous_14)
FNDA:8,getDefaultOperators
FNDA:5,getOperatorLabel
DA:8,1
DA:9,56
DA:10,56
DA:11,56
DA:13,56
DA:15,36
DA:18,2
DA:21,2
DA:24,0
DA:27,0
DA:30,0
DA:33,1
DA:36,1
DA:39,1
DA:42,1
DA:45,8
DA:48,0
DA:51,4
DA:58,0
DA:65,0
DA:74,1
DA:75,25
DA:76,13
DA:79,40
DA:88,1
DA:89,26
DA:90,18
DA:93,8
DA:95,8
DA:96,16
DA:98,13
DA:99,23
DA:100,23
DA:104,3
DA:114,1
DA:115,26
DA:116,18
DA:119,8
DA:120,17
DA:121,17
DA:124,17
DA:125,0
DA:127,17
DA:128,0
DA:130,17
DA:131,2
DA:135,15
DA:137,15
DA:138,15
DA:139,0
DA:140,0
DA:141,0
DA:142,0
DA:144,0
DA:147,15
DA:159,1
DA:166,22
DA:169,22
DA:172,22
DA:175,22
DA:177,22
DA:186,113
DA:195,19
DA:196,0
DA:199,19
DA:200,16
DA:203,3
DA:204,0
DA:207,3
DA:208,0
DA:211,3
DA:212,16
DA:215,0
DA:222,1
DA:223,8
DA:225,3
DA:236,2
DA:245,0
DA:254,2
DA:256,0
DA:258,1
DA:260,0
DA:268,1
DA:269,5
DA:286,5
LF:85
LH:65
BRDA:13,0,0,36
BRDA:13,0,1,2
BRDA:13,0,2,2
BRDA:13,0,3,0
BRDA:13,0,4,0
BRDA:13,0,5,0
BRDA:13,0,6,1
BRDA:13,0,7,1
BRDA:13,0,8,1
BRDA:13,0,9,1
BRDA:13,0,10,8
BRDA:13,0,11,0
BRDA:13,0,12,4
BRDA:13,0,13,0
BRDA:13,0,14,0
BRDA:45,1,0,8
BRDA:45,1,1,0
BRDA:48,2,0,0
BRDA:48,2,1,0
BRDA:52,3,0,4
BRDA:52,3,1,1
BRDA:52,3,2,1
BRDA:52,3,3,1
BRDA:52,3,4,0
BRDA:59,4,0,0
BRDA:59,4,1,0
BRDA:59,4,2,0
BRDA:59,4,3,0
BRDA:59,4,4,0
BRDA:75,5,0,13
BRDA:75,5,1,12
BRDA:75,6,0,25
BRDA:75,6,1,25
BRDA:89,7,0,18
BRDA:89,7,1,8
BRDA:89,8,0,26
BRDA:89,8,1,8
BRDA:96,9,0,13
BRDA:96,9,1,3
BRDA:96,10,0,16
BRDA:96,10,1,13
BRDA:115,11,0,18
BRDA:115,11,1,8
BRDA:124,12,0,0
BRDA:124,12,1,17
BRDA:124,13,0,17
BRDA:124,13,1,0
BRDA:127,14,0,0
BRDA:127,14,1,17
BRDA:128,15,0,0
BRDA:128,15,1,0
BRDA:130,16,0,2
BRDA:130,16,1,15
BRDA:131,17,0,2
BRDA:131,17,1,0
BRDA:137,18,0,15
BRDA:137,18,1,0
BRDA:137,19,0,15
BRDA:137,19,1,15
BRDA:139,20,0,0
BRDA:139,20,1,0
BRDA:139,21,0,0
BRDA:139,21,1,0
BRDA:141,22,0,0
BRDA:141,22,1,0
BRDA:141,23,0,0
BRDA:141,23,1,0
BRDA:147,24,0,7
BRDA:147,24,1,8
BRDA:186,25,0,0
BRDA:186,25,1,113
BRDA:186,26,0,113
BRDA:186,26,1,113
BRDA:195,27,0,0
BRDA:195,27,1,19
BRDA:195,28,0,19
BRDA:195,28,1,19
BRDA:199,29,0,16
BRDA:199,29,1,3
BRDA:203,30,0,0
BRDA:203,30,1,3
BRDA:203,31,0,3
BRDA:203,31,1,3
BRDA:207,32,0,0
BRDA:207,32,1,3
BRDA:211,33,0,3
BRDA:211,33,1,0
BRDA:223,34,0,3
BRDA:223,34,1,2
BRDA:223,34,2,0
BRDA:223,34,3,2
BRDA:223,34,4,0
BRDA:223,34,5,1
BRDA:223,34,6,0
BRDA:286,35,0,5
BRDA:286,35,1,0
BRF:96
BRH:57
end_of_record
TN:
SF:client/src/pages/not-found.tsx
FN:7,NotFound
FNF:1
FNH:0
FNDA:0,NotFound
DA:1,0
DA:2,0
DA:7,0
DA:8,0
LF:4
LH:0
BRF:0
BRH:0
end_of_record
TN:
SF:client/src/pages/pillars.tsx
FN:24,PillarsPage
FN:34,(anonymous_8)
FN:51,(anonymous_9)
FN:66,(anonymous_10)
FN:91,(anonymous_11)
FN:100,(anonymous_12)
FN:134,(anonymous_13)
FN:169,(anonymous_14)
FN:169,(anonymous_15)
FN:181,(anonymous_16)
FN:181,(anonymous_17)
FNF:11
FNH:0
FNDA:0,PillarsPage
FNDA:0,(anonymous_8)
FNDA:0,(anonymous_9)
FNDA:0,(anonymous_10)
FNDA:0,(anonymous_11)
FNDA:0,(anonymous_12)
FNDA:0,(anonymous_13)
FNDA:0,(anonymous_14)
FNDA:0,(anonymous_15)
FNDA:0,(anonymous_16)
FNDA:0,(anonymous_17)
DA:1,0
DA:2,0
DA:3,0
DA:4,0
DA:5,0
DA:6,0
DA:7,0
DA:24,0
DA:30,0
DA:34,0
DA:35,0
DA:37,0
DA:39,0
DA:41,0
DA:43,0
DA:45,0
DA:47,0
DA:51,0
DA:52,0
DA:54,0
DA:56,0
DA:58,0
DA:60,0
DA:62,0
DA:66,0
DA:67,0
DA:69,0
DA:71,0
DA:74,0
DA:78,0
DA:91,0
DA:101,0
DA:135,0
DA:169,0
DA:170,0
DA:173,0
DA:181,0
DA:182,0
DA:185,0
LF:39
LH:0
BRDA:35,0,0,0
BRDA:35,0,1,0
BRDA:35,0,2,0
BRDA:35,0,3,0
BRDA:35,0,4,0
BRDA:35,0,5,0
BRDA:52,1,0,0
BRDA:52,1,1,0
BRDA:52,1,2,0
BRDA:52,1,3,0
BRDA:52,1,4,0
BRDA:67,2,0,0
BRDA:67,2,1,0
BRDA:67,2,2,0
BRDA:67,2,3,0
BRDA:98,3,0,0
BRDA:98,3,1,0
BRDA:114,4,0,0
BRDA:114,4,1,0
BRDA:123,5,0,0
BRDA:123,5,1,0
BRDA:123,5,2,0
BRDA:132,6,0,0
BRDA:132,6,1,0
BRDA:132,6,2,0
BRDA:151,7,0,0
BRDA:151,7,1,0
BRDA:164,8,0,0
BRDA:164,8,1,0
BRF:29
BRH:0
end_of_record
TN:
SF:client/src/pages/auth/login.tsx
FN:45,LoginPage
FN:61,(anonymous_8)
FN:61,(anonymous_9)
FN:107,(anonymous_10)
FN:158,(anonymous_11)
FN:180,(anonymous_12)
FNF:6
FNH:0
FNDA:0,LoginPage
FNDA:0,(anonymous_8)
FNDA:0,(anonymous_9)
FNDA:0,(anonymous_10)
FNDA:0,(anonymous_11)
FNDA:0,(anonymous_12)
DA:1,0
DA:2,0
DA:3,0
DA:4,0
DA:5,0
DA:6,0
DA:7,0
DA:8,0
DA:9,0
DA:10,0
DA:11,0
DA:12,0
DA:13,0
DA:14,0
DA:20,0
DA:45,0
DA:46,0
DA:47,0
DA:48,0
DA:49,0
DA:50,0
DA:51,0
DA:53,0
DA:61,0
DA:62,0
DA:63,0
DA:64,0
DA:66,0
DA:68,0
DA:76,0
DA:77,0
DA:80,0
DA:81,0
DA:83,0
DA:84,0
DA:86,0
DA:87,0
DA:89,0
DA:92,0
DA:93,0
DA:95,0
DA:103,0
DA:107,0
DA:108,0
DA:111,0
DA:159,0
DA:181,0
LF:47
LH:0
BRDA:69,0,0,0
BRDA:69,0,1,0
BRDA:70,1,0,0
BRDA:70,1,1,0
BRDA:76,2,0,0
BRDA:76,2,1,0
BRDA:76,3,0,0
BRDA:76,3,1,0
BRDA:76,4,0,0
BRDA:76,4,1,0
BRDA:76,5,0,0
BRDA:76,5,1,0
BRDA:77,6,0,0
BRDA:77,6,1,0
BRDA:77,6,2,0
BRDA:77,6,3,0
BRDA:77,6,4,0
BRDA:92,7,0,0
BRDA:92,7,1,0
BRDA:96,8,0,0
BRDA:96,8,1,0
BRDA:97,9,0,0
BRDA:97,9,1,0
BRDA:124,10,0,0
BRDA:124,10,1,0
BRDA:136,11,0,0
BRDA:136,11,1,0
BRDA:139,12,0,0
BRDA:139,12,1,0
BRDA:146,13,0,0
BRDA:146,13,1,0
BRDA:161,14,0,0
BRDA:161,14,1,0
BRDA:167,15,0,0
BRDA:167,15,1,0
BRDA:183,16,0,0
BRDA:183,16,1,0
BRDA:189,17,0,0
BRDA:189,17,1,0
BRDA:204,18,0,0
BRDA:204,18,1,0
BRDA:205,19,0,0
BRDA:205,19,1,0
BRDA:207,20,0,0
BRDA:207,20,1,0
BRDA:222,21,0,0
BRDA:222,21,1,0
BRDA:225,22,0,0
BRDA:225,22,1,0
BRDA:238,23,0,0
BRDA:238,23,1,0
BRF:51
BRH:0
end_of_record
TN:
SF:client/src/pages/manager/bills.tsx
FN:6,Bills
FNF:1
FNH:0
FNDA:0,Bills
DA:1,0
DA:6,0
DA:7,0
LF:3
LH:0
BRF:0
BRH:0
end_of_record
TN:
SF:client/src/pages/manager/budget.tsx
FN:6,Budget
FNF:1
FNH:0
FNDA:0,Budget
DA:1,0
DA:6,0
DA:7,0
LF:3
LH:0
BRF:0
BRH:0
end_of_record
TN:
SF:client/src/pages/manager/buildings.tsx
FN:6,Buildings
FNF:1
FNH:0
FNDA:0,Buildings
DA:1,0
DA:6,0
DA:7,0
LF:3
LH:0
BRF:0
BRH:0
end_of_record
TN:
SF:client/src/pages/manager/demands.tsx
FN:6,Demands
FNF:1
FNH:0
FNDA:0,Demands
DA:1,0
DA:6,0
DA:7,0
LF:3
LH:0
BRF:0
BRH:0
end_of_record
TN:
SF:client/src/pages/manager/residences.tsx
FN:6,Residences
FNF:1
FNH:0
FNDA:0,Residences
DA:1,0
DA:6,0
DA:7,0
LF:3
LH:0
BRF:0
BRH:0
end_of_record
TN:
SF:client/src/pages/owner/dashboard.tsx
FN:12,Dashboard
FN:29,(anonymous_1)
FN:32,(anonymous_2)
FN:123,(anonymous_3)
FN:129,(anonymous_4)
FN:163,(anonymous_5)
FN:169,(anonymous_6)
FNF:7
FNH:0
FNDA:0,Dashboard
FNDA:0,(anonymous_1)
FNDA:0,(anonymous_2)
FNDA:0,(anonymous_3)
FNDA:0,(anonymous_4)
FNDA:0,(anonymous_5)
FNDA:0,(anonymous_6)
DA:1,0
DA:2,0
DA:3,0
DA:4,0
DA:5,0
DA:6,0
DA:12,0
DA:13,0
DA:15,0
DA:19,0
DA:23,0
DA:26,0
DA:27,0
DA:28,0
DA:29,0
DA:31,0
DA:32,0
DA:35,0
DA:124,0
DA:130,0
DA:164,0
DA:170,0
LF:22
LH:0
BRDA:23,0,0,0
BRDA:23,0,1,0
BRDA:26,1,0,0
BRDA:26,1,1,0
BRDA:27,2,0,0
BRDA:27,2,1,0
BRDA:28,3,0,0
BRDA:28,3,1,0
BRDA:31,4,0,0
BRDA:31,4,1,0
BRDA:60,5,0,0
BRDA:60,5,1,0
BRDA:74,6,0,0
BRDA:74,6,1,0
BRDA:88,7,0,0
BRDA:88,7,1,0
BRDA:102,8,0,0
BRDA:102,8,1,0
BRDA:121,9,0,0
BRDA:121,9,1,0
BRDA:127,10,0,0
BRDA:127,10,1,0
BRDA:127,11,0,0
BRDA:127,11,1,0
BRDA:138,12,0,0
BRDA:138,12,1,0
BRDA:139,13,0,0
BRDA:139,13,1,0
BRDA:161,14,0,0
BRDA:161,14,1,0
BRDA:167,15,0,0
BRDA:167,15,1,0
BRDA:167,16,0,0
BRDA:167,16,1,0
BRDA:180,17,0,0
BRDA:180,17,1,0
BRF:36
BRH:0
end_of_record
TN:
SF:client/src/pages/owner/pillars.tsx
FN:8,Pillars
FNF:1
FNH:0
FNDA:0,Pillars
DA:1,0
DA:2,0
DA:3,0
DA:8,0
DA:9,0
LF:5
LH:0
BRF:0
BRH:0
end_of_record
TN:
SF:client/src/pages/owner/quality.tsx
FN:9,Quality
FNF:1
FNH:0
FNDA:0,Quality
DA:1,0
DA:2,0
DA:3,0
DA:4,0
DA:9,0
DA:10,0
LF:6
LH:0
BRF:0
BRH:0
end_of_record
TN:
SF:client/src/pages/owner/suggestions-with-filter.tsx
FN:152,OwnerSuggestionsWithFilter
FN:181,(anonymous_1)
FN:182,(anonymous_2)
FN:188,(anonymous_3)
FN:189,(anonymous_4)
FN:194,(anonymous_5)
FN:209,(anonymous_6)
FN:222,(anonymous_7)
FN:247,(anonymous_8)
FN:248,(anonymous_9)
FN:282,(anonymous_10)
FN:284,(anonymous_11)
FN:301,(anonymous_12)
FN:358,(anonymous_13)
FN:371,(anonymous_14)
FNF:15
FNH:0
FNDA:0,OwnerSuggestionsWithFilter
FNDA:0,(anonymous_1)
FNDA:0,(anonymous_2)
FNDA:0,(anonymous_3)
FNDA:0,(anonymous_4)
FNDA:0,(anonymous_5)
FNDA:0,(anonymous_6)
FNDA:0,(anonymous_7)
FNDA:0,(anonymous_8)
FNDA:0,(anonymous_9)
FNDA:0,(anonymous_10)
FNDA:0,(anonymous_11)
FNDA:0,(anonymous_12)
FNDA:0,(anonymous_13)
FNDA:0,(anonymous_14)
DA:1,0
DA:2,0
DA:3,0
DA:4,0
DA:5,0
DA:6,0
DA:17,0
DA:18,0
DA:19,0
DA:36,0
DA:152,0
DA:153,0
DA:172,0
DA:180,0
DA:181,0
DA:183,0
DA:187,0
DA:188,0
DA:190,0
DA:194,0
DA:195,0
DA:197,0
DA:199,0
DA:201,0
DA:203,0
DA:205,0
DA:209,0
DA:210,0
DA:212,0
DA:214,0
DA:216,0
DA:218,0
DA:222,0
DA:224,0
DA:226,0
DA:228,0
DA:231,0
DA:234,0
DA:237,0
DA:240,0
DA:243,0
DA:247,0
DA:248,0
DA:249,0
DA:250,0
DA:254,0
DA:302,0
DA:358,0
DA:371,0
LF:49
LH:0
BRDA:153,0,0,0
BRDA:195,1,0,0
BRDA:195,1,1,0
BRDA:195,1,2,0
BRDA:195,1,3,0
BRDA:195,1,4,0
BRDA:210,2,0,0
BRDA:210,2,1,0
BRDA:210,2,2,0
BRDA:210,2,3,0
BRDA:226,3,0,0
BRDA:226,3,1,0
BRDA:226,3,2,0
BRDA:226,3,3,0
BRDA:226,3,4,0
BRDA:226,3,5,0
BRDA:248,4,0,0
BRDA:248,4,1,0
BRDA:248,5,0,0
BRDA:248,5,1,0
BRDA:249,6,0,0
BRDA:249,6,1,0
BRDA:294,7,0,0
BRDA:294,7,1,0
BRDA:300,8,0,0
BRDA:300,8,1,0
BRDA:300,9,0,0
BRDA:300,9,1,0
BRDA:354,10,0,0
BRDA:354,10,1,0
BRDA:367,11,0,0
BRDA:367,11,1,0
BRDA:367,11,2,0
BRDA:389,12,0,0
BRDA:389,12,1,0
BRDA:392,13,0,0
BRDA:392,13,1,0
BRDA:396,14,0,0
BRDA:396,14,1,0
BRF:39
BRH:0
end_of_record
TN:
SF:client/src/pages/owner/suggestions.tsx
FN:46,OwnerSuggestions
FN:53,(anonymous_1)
FN:54,(anonymous_2)
FN:67,(anonymous_3)
FN:68,(anonymous_4)
FN:77,(anonymous_5)
FN:78,(anonymous_6)
FN:84,(anonymous_7)
FN:85,(anonymous_8)
FN:96,(anonymous_9)
FN:111,(anonymous_10)
FN:124,(anonymous_11)
FN:149,(anonymous_12)
FN:150,(anonymous_13)
FN:154,(anonymous_14)
FN:155,(anonymous_15)
FN:202,(anonymous_16)
FN:221,(anonymous_17)
FN:278,(anonymous_18)
FN:291,(anonymous_19)
FNF:20
FNH:0
FNDA:0,OwnerSuggestions
FNDA:0,(anonymous_1)
FNDA:0,(anonymous_2)
FNDA:0,(anonymous_3)
FNDA:0,(anonymous_4)
FNDA:0,(anonymous_5)
FNDA:0,(anonymous_6)
FNDA:0,(anonymous_7)
FNDA:0,(anonymous_8)
FNDA:0,(anonymous_9)
FNDA:0,(anonymous_10)
FNDA:0,(anonymous_11)
FNDA:0,(anonymous_12)
FNDA:0,(anonymous_13)
FNDA:0,(anonymous_14)
FNDA:0,(anonymous_15)
FNDA:0,(anonymous_16)
FNDA:0,(anonymous_17)
FNDA:0,(anonymous_18)
FNDA:0,(anonymous_19)
DA:1,0
DA:2,0
DA:3,0
DA:4,0
DA:5,0
DA:6,0
DA:17,0
DA:18,0
DA:19,0
DA:35,0
DA:46,0
DA:47,0
DA:48,0
DA:53,0
DA:54,0
DA:55,0
DA:56,0
DA:59,0
DA:60,0
DA:62,0
DA:66,0
DA:67,0
DA:68,0
DA:69,0
DA:73,0
DA:76,0
DA:77,0
DA:79,0
DA:83,0
DA:84,0
DA:86,0
DA:88,0
DA:96,0
DA:97,0
DA:99,0
DA:101,0
DA:103,0
DA:105,0
DA:107,0
DA:111,0
DA:112,0
DA:114,0
DA:116,0
DA:118,0
DA:120,0
DA:124,0
DA:126,0
DA:128,0
DA:130,0
DA:133,0
DA:136,0
DA:139,0
DA:142,0
DA:145,0
DA:149,0
DA:150,0
DA:151,0
DA:154,0
DA:155,0
DA:156,0
DA:159,0
DA:203,0
DA:204,0
DA:206,0
DA:208,0
DA:222,0
DA:278,0
DA:291,0
LF:68
LH:0
BRDA:48,0,0,0
BRDA:55,1,0,0
BRDA:55,1,1,0
BRDA:59,2,0,0
BRDA:59,2,1,0
BRDA:59,3,0,0
BRDA:59,3,1,0
BRDA:97,4,0,0
BRDA:97,4,1,0
BRDA:97,4,2,0
BRDA:97,4,3,0
BRDA:97,4,4,0
BRDA:112,5,0,0
BRDA:112,5,1,0
BRDA:112,5,2,0
BRDA:112,5,3,0
BRDA:128,6,0,0
BRDA:128,6,1,0
BRDA:128,6,2,0
BRDA:128,6,3,0
BRDA:128,6,4,0
BRDA:128,6,5,0
BRDA:151,7,0,0
BRDA:151,7,1,0
BRDA:151,8,0,0
BRDA:151,8,1,0
BRDA:151,9,0,0
BRDA:151,9,1,0
BRDA:156,10,0,0
BRDA:156,10,1,0
BRDA:156,11,0,0
BRDA:156,11,1,0
BRDA:156,12,0,0
BRDA:156,12,1,0
BRDA:196,13,0,0
BRDA:196,13,1,0
BRDA:203,14,0,0
BRDA:203,14,1,0
BRDA:206,15,0,0
BRDA:206,15,1,0
BRDA:215,16,0,0
BRDA:215,16,1,0
BRDA:274,17,0,0
BRDA:274,17,1,0
BRDA:287,18,0,0
BRDA:287,18,1,0
BRDA:287,18,2,0
BRDA:310,19,0,0
BRDA:310,19,1,0
BRF:49
BRH:0
end_of_record
TN:
SF:client/src/pages/residents/building.tsx
FN:6,MyBuilding
FNF:1
FNH:0
FNDA:0,MyBuilding
DA:1,0
DA:6,0
DA:7,0
LF:3
LH:0
BRF:0
BRH:0
end_of_record
TN:
SF:client/src/pages/residents/dashboard.tsx
FN:24,ResidentsDashboard
FN:143,(anonymous_1)
FN:154,(anonymous_2)
FN:166,(anonymous_3)
FN:198,(anonymous_4)
FN:234,(anonymous_5)
FN:274,(anonymous_6)
FN:313,(anonymous_7)
FNF:8
FNH:0
FNDA:0,ResidentsDashboard
FNDA:0,(anonymous_1)
FNDA:0,(anonymous_2)
FNDA:0,(anonymous_3)
FNDA:0,(anonymous_4)
FNDA:0,(anonymous_5)
FNDA:0,(anonymous_6)
FNDA:0,(anonymous_7)
DA:1,0
DA:2,0
DA:3,0
DA:4,0
DA:6,0
DA:24,0
DA:26,0
DA:34,0
DA:65,0
DA:91,0
DA:112,0
DA:136,0
DA:143,0
DA:144,0
DA:145,0
DA:148,0
DA:154,0
DA:155,0
DA:160,0
DA:166,0
DA:167,0
DA:170,0
DA:199,0
DA:200,0
DA:235,0
DA:275,0
DA:314,0
LF:27
LH:0
BRDA:145,0,0,0
BRDA:145,0,1,0
BRDA:156,1,0,0
BRDA:156,1,1,0
BRDA:167,2,0,0
BRDA:167,2,1,0
BRDA:245,3,0,0
BRDA:245,3,1,0
BRDA:245,3,2,0
BRDA:324,4,0,0
BRDA:324,4,1,0
BRF:11
BRH:0
end_of_record
TN:
SF:client/src/pages/residents/demands.tsx
FN:6,MyDemands
FNF:1
FNH:0
FNDA:0,MyDemands
DA:1,0
DA:6,0
DA:7,0
LF:3
LH:0
BRF:0
BRH:0
end_of_record
TN:
SF:client/src/pages/residents/residence.tsx
FN:6,MyResidence
FNF:1
FNH:0
FNDA:0,MyResidence
DA:1,0
DA:6,0
DA:7,0
LF:3
LH:0
BRF:0
BRH:0
end_of_record
TN:
SF:client/src/pages/settings/bug-reports.tsx
FN:6,BugReports
FNF:1
FNH:0
FNDA:0,BugReports
DA:1,0
DA:6,0
DA:7,0
LF:3
LH:0
BRF:0
BRH:0
end_of_record
TN:
SF:client/src/pages/settings/idea-box.tsx
FN:6,IdeaBox
FNF:1
FNH:0
FNDA:0,IdeaBox
DA:1,0
DA:6,0
DA:7,0
LF:3
LH:0
BRF:0
BRH:0
end_of_record
TN:
SF:client/src/pages/settings/settings.tsx
FN:6,Settings
FNF:1
FNH:0
FNDA:0,Settings
DA:1,0
DA:6,0
DA:7,0
LF:3
LH:0
BRF:0
BRH:0
end_of_record
TN:
SF:server/auth.ts
FN:40,hashPassword
FN:54,verifyPassword
FN:63,requireAuth
FN:74,(anonymous_13)
FN:100,requireRole
FN:101,(anonymous_15)
FN:101,(anonymous_16)
FN:126,setupAuthRoutes
FN:128,(anonymous_18)
FN:128,(anonymous_19)
FN:187,(anonymous_20)
FN:188,(anonymous_21)
FN:203,(anonymous_22)
FN:203,(anonymous_23)
FN:216,(anonymous_24)
FN:216,(anonymous_25)
FNF:16
FNH:2
FNDA:0,hashPassword
FNDA:0,verifyPassword
FNDA:0,requireAuth
FNDA:0,(anonymous_13)
FNDA:9,requireRole
FNDA:0,(anonymous_15)
FNDA:0,(anonymous_16)
FNDA:9,setupAuthRoutes
FNDA:0,(anonymous_18)
FNDA:0,(anonymous_19)
FNDA:0,(anonymous_20)
FNDA:0,(anonymous_21)
FNDA:0,(anonymous_22)
FNDA:0,(anonymous_23)
FNDA:0,(anonymous_24)
FNDA:0,(anonymous_25)
DA:2,1
DA:3,1
DA:4,1
DA:5,1
DA:9,1
DA:15,1
DA:40,1
DA:41,0
DA:42,0
DA:43,0
DA:54,1
DA:55,0
DA:56,0
DA:63,1
DA:64,0
DA:65,0
DA:71,0
DA:72,0
DA:73,0
DA:74,0
DA:75,0
DA:77,0
DA:83,0
DA:84,0
DA:86,0
DA:87,0
DA:100,1
DA:101,9
DA:102,0
DA:103,0
DA:109,0
DA:110,0
DA:118,0
DA:126,1
DA:128,9
DA:129,0
DA:130,0
DA:132,0
DA:133,0
DA:139,0
DA:140,0
DA:141,0
DA:147,0
DA:148,0
DA:156,0
DA:157,0
DA:164,0
DA:167,0
DA:168,0
DA:171,0
DA:172,0
DA:178,0
DA:179,0
DA:187,9
DA:188,0
DA:189,0
DA:190,0
DA:191,0
DA:197,0
DA:198,0
DA:203,9
DA:204,0
DA:205,0
DA:211,0
DA:212,0
DA:216,9
DA:217,0
DA:218,0
DA:220,0
DA:221,0
DA:228,0
DA:229,0
DA:230,0
DA:237,0
DA:246,0
DA:247,0
DA:253,0
DA:254,0
LF:78
LH:16
BRDA:64,0,0,0
BRDA:64,0,1,0
BRDA:64,1,0,0
BRDA:64,1,1,0
BRDA:64,2,0,0
BRDA:64,2,1,0
BRDA:73,3,0,0
BRDA:73,3,1,0
BRDA:73,4,0,0
BRDA:73,4,1,0
BRDA:75,5,0,0
BRDA:75,5,1,0
BRDA:102,6,0,0
BRDA:102,6,1,0
BRDA:109,7,0,0
BRDA:109,7,1,0
BRDA:132,8,0,0
BRDA:132,8,1,0
BRDA:132,9,0,0
BRDA:132,9,1,0
BRDA:140,10,0,0
BRDA:140,10,1,0
BRDA:147,11,0,0
BRDA:147,11,1,0
BRDA:156,12,0,0
BRDA:156,12,1,0
BRDA:189,13,0,0
BRDA:189,13,1,0
BRDA:204,14,0,0
BRDA:204,14,1,0
BRDA:218,15,0,0
BRDA:218,16,0,0
BRDA:220,17,0,0
BRDA:220,17,1,0
BRDA:220,18,0,0
BRDA:220,18,1,0
BRDA:220,18,2,0
BRDA:220,18,3,0
BRDA:229,19,0,0
BRDA:229,19,1,0
BRF:40
BRH:0
end_of_record
TN:
SF:server/db.ts
FNF:0
FNH:0
DA:1,1
DA:2,1
DA:3,1
DA:4,1
DA:6,1
DA:8,1
DA:9,0
DA:16,1
DA:23,1
LF:9
LH:8
BRDA:8,0,0,0
BRDA:8,0,1,1
BRF:2
BRH:1
end_of_record
TN:
SF:server/index.ts
FN:9,(anonymous_8)
FN:15,(anonymous_9)
FN:20,(anonymous_10)
FN:39,(anonymous_11)
FN:39,(anonymous_12)
FN:42,(anonymous_13)
FN:70,(anonymous_14)
FNF:7
FNH:0
FNDA:0,(anonymous_8)
FNDA:0,(anonymous_9)
FNDA:0,(anonymous_10)
FNDA:0,(anonymous_11)
FNDA:0,(anonymous_12)
FNDA:0,(anonymous_13)
FNDA:0,(anonymous_14)
DA:1,0
DA:2,0
DA:3,0
DA:5,0
DA:6,0
DA:7,0
DA:9,0
DA:10,0
DA:11,0
DA:12,0
DA:14,0
DA:15,0
DA:16,0
DA:17,0
DA:20,0
DA:21,0
DA:22,0
DA:23,0
DA:24,0
DA:25,0
DA:28,0
DA:29,0
DA:32,0
DA:36,0
DA:39,0
DA:40,0
DA:42,0
DA:43,0
DA:44,0
DA:46,0
DA:47,0
DA:53,0
DA:54,0
DA:56,0
DA:63,0
DA:64,0
DA:71,0
LF:37
LH:0
BRDA:22,0,0,0
BRDA:22,0,1,0
BRDA:24,1,0,0
BRDA:24,1,1,0
BRDA:28,2,0,0
BRDA:28,2,1,0
BRDA:43,3,0,0
BRDA:43,3,1,0
BRDA:43,3,2,0
BRDA:44,4,0,0
BRDA:44,4,1,0
BRDA:53,5,0,0
BRDA:53,5,1,0
BRDA:63,6,0,0
BRDA:63,6,1,0
BRF:15
BRH:0
end_of_record
TN:
SF:server/quality-monitoring.ts
FN:29,addQualityMetricMonitoring
FN:32,(anonymous_8)
FN:32,(anonymous_9)
FNF:3
FNH:0
FNDA:0,addQualityMetricMonitoring
FNDA:0,(anonymous_8)
FNDA:0,(anonymous_9)
DA:8,0
DA:29,0
DA:30,0
DA:32,0
DA:33,0
DA:37,0
DA:38,0
DA:39,0
DA:40,0
DA:42,0
DA:46,0
DA:47,0
DA:48,0
DA:49,0
DA:52,0
DA:61,0
LF:16
LH:0
BRDA:37,0,0,0
BRDA:37,0,1,0
BRDA:39,1,0,0
BRDA:39,1,1,0
BRDA:46,2,0,0
BRDA:46,2,1,0
BRDA:46,3,0,0
BRDA:46,3,1,0
BRDA:48,4,0,0
BRDA:48,4,1,0
BRDA:48,5,0,0
BRDA:48,5,1,0
BRF:12
BRH:0
end_of_record
TN:
SF:server/routes.ts
FN:55,registerRoutes
FN:75,(anonymous_16)
FN:75,(anonymous_17)
FN:84,(anonymous_18)
FN:84,(anonymous_19)
FN:99,(anonymous_20)
FN:99,(anonymous_21)
FN:118,(anonymous_22)
FN:118,(anonymous_23)
FN:132,(anonymous_24)
FN:133,(anonymous_25)
FN:140,(anonymous_26)
FN:152,(anonymous_27)
FN:152,(anonymous_28)
FN:161,(anonymous_29)
FN:161,(anonymous_30)
FN:173,(anonymous_31)
FN:173,(anonymous_32)
FN:183,(anonymous_33)
FN:183,(anonymous_34)
FN:196,(anonymous_35)
FN:196,(anonymous_36)
FN:205,(anonymous_37)
FN:205,(anonymous_38)
FN:217,(anonymous_39)
FN:217,(anonymous_40)
FN:227,(anonymous_41)
FN:227,(anonymous_42)
FN:241,(anonymous_43)
FN:241,(anonymous_44)
FN:250,(anonymous_45)
FN:250,(anonymous_46)
FN:261,(anonymous_47)
FN:261,(anonymous_48)
FN:270,(anonymous_49)
FN:270,(anonymous_50)
FN:282,(anonymous_51)
FN:282,(anonymous_52)
FN:293,(anonymous_53)
FN:293,(anonymous_54)
FN:312,(anonymous_55)
FN:312,(anonymous_56)
FN:335,(anonymous_57)
FN:335,(anonymous_58)
FN:352,(anonymous_59)
FN:352,(anonymous_60)
FN:362,(anonymous_61)
FN:362,(anonymous_62)
FN:380,(anonymous_63)
FN:380,(anonymous_64)
FN:398,(anonymous_65)
FN:398,(anonymous_66)
FN:424,(anonymous_67)
FN:424,(anonymous_68)
FN:426,(anonymous_69)
FN:489,(anonymous_70)
FN:489,(anonymous_71)
FN:504,(anonymous_72)
FN:504,(anonymous_73)
FN:522,(anonymous_74)
FN:543,(anonymous_75)
FN:543,(anonymous_76)
FN:561,(anonymous_77)
FN:561,(anonymous_78)
FN:609,(anonymous_79)
FN:609,(anonymous_80)
FN:612,(anonymous_81)
FN:639,(anonymous_82)
FN:665,getQualityMetrics
FN:832,getPerformanceMetrics
FN:843,(anonymous_87)
FN:864,(anonymous_88)
FN:867,(anonymous_89)
FN:897,(anonymous_90)
FN:947,(anonymous_91)
FN:947,(anonymous_92)
FN:965,(anonymous_93)
FN:965,(anonymous_94)
FN:983,(anonymous_95)
FN:983,(anonymous_96)
FN:1001,(anonymous_97)
FN:1001,(anonymous_98)
FN:1019,(anonymous_99)
FN:1019,(anonymous_100)
FN:1037,(anonymous_101)
FN:1037,(anonymous_102)
FN:1055,(anonymous_103)
FN:1055,(anonymous_104)
FN:1073,(anonymous_105)
FN:1073,(anonymous_106)
FN:1091,(anonymous_107)
FN:1091,(anonymous_108)
FN:1125,registerQualityAnalyzer
FN:1127,(anonymous_110)
FN:1141,analyzeMetricsForImprovements
FNF:95
FNH:34
FNDA:9,registerRoutes
FNDA:1,(anonymous_16)
FNDA:1,(anonymous_17)
FNDA:1,(anonymous_18)
FNDA:1,(anonymous_19)
FNDA:0,(anonymous_20)
FNDA:0,(anonymous_21)
FNDA:0,(anonymous_22)
FNDA:0,(anonymous_23)
FNDA:0,(anonymous_24)
FNDA:0,(anonymous_25)
FNDA:0,(anonymous_26)
FNDA:1,(anonymous_27)
FNDA:1,(anonymous_28)
FNDA:0,(anonymous_29)
FNDA:0,(anonymous_30)
FNDA:0,(anonymous_31)
FNDA:0,(anonymous_32)
FNDA:0,(anonymous_33)
FNDA:0,(anonymous_34)
FNDA:1,(anonymous_35)
FNDA:1,(anonymous_36)
FNDA:0,(anonymous_37)
FNDA:0,(anonymous_38)
FNDA:0,(anonymous_39)
FNDA:0,(anonymous_40)
FNDA:0,(anonymous_41)
FNDA:0,(anonymous_42)
FNDA:0,(anonymous_43)
FNDA:0,(anonymous_44)
FNDA:0,(anonymous_45)
FNDA:0,(anonymous_46)
FNDA:0,(anonymous_47)
FNDA:0,(anonymous_48)
FNDA:0,(anonymous_49)
FNDA:0,(anonymous_50)
FNDA:0,(anonymous_51)
FNDA:0,(anonymous_52)
FNDA:0,(anonymous_53)
FNDA:0,(anonymous_54)
FNDA:2,(anonymous_55)
FNDA:2,(anonymous_56)
FNDA:0,(anonymous_57)
FNDA:0,(anonymous_58)
FNDA:0,(anonymous_59)
FNDA:0,(anonymous_60)
FNDA:0,(anonymous_61)
FNDA:0,(anonymous_62)
FNDA:0,(anonymous_63)
FNDA:0,(anonymous_64)
FNDA:0,(anonymous_65)
FNDA:0,(anonymous_66)
FNDA:0,(anonymous_67)
FNDA:0,(anonymous_68)
FNDA:0,(anonymous_69)
FNDA:0,(anonymous_70)
FNDA:0,(anonymous_71)
FNDA:0,(anonymous_72)
FNDA:0,(anonymous_73)
FNDA:0,(anonymous_74)
FNDA:0,(anonymous_75)
FNDA:0,(anonymous_76)
FNDA:0,(anonymous_77)
FNDA:0,(anonymous_78)
FNDA:0,(anonymous_79)
FNDA:0,(anonymous_80)
FNDA:0,(anonymous_81)
FNDA:0,(anonymous_82)
FNDA:1,getQualityMetrics
FNDA:1,getPerformanceMetrics
FNDA:1,(anonymous_87)
FNDA:0,(anonymous_88)
FNDA:0,(anonymous_89)
FNDA:1,(anonymous_90)
FNDA:1,(anonymous_91)
FNDA:1,(anonymous_92)
FNDA:1,(anonymous_93)
FNDA:1,(anonymous_94)
FNDA:1,(anonymous_95)
FNDA:1,(anonymous_96)
FNDA:1,(anonymous_97)
FNDA:1,(anonymous_98)
FNDA:1,(anonymous_99)
FNDA:1,(anonymous_100)
FNDA:1,(anonymous_101)
FNDA:1,(anonymous_102)
FNDA:1,(anonymous_103)
FNDA:1,(anonymous_104)
FNDA:1,(anonymous_105)
FNDA:1,(anonymous_106)
FNDA:1,(anonymous_107)
FNDA:1,(anonymous_108)
FNDA:0,registerQualityAnalyzer
FNDA:0,(anonymous_110)
FNDA:1,analyzeMetricsForImprovements
DA:2,1
DA:3,1
DA:4,1
DA:5,1
DA:6,1
DA:7,1
DA:15,1
DA:16,1
DA:17,1
DA:25,1
DA:26,1
DA:27,1
DA:28,1
DA:29,1
DA:30,1
DA:32,1
DA:34,1
DA:35,0
DA:38,1
DA:39,1
DA:55,1
DA:57,9
DA:60,9
DA:63,9
DA:64,9
DA:67,9
DA:68,9
DA:69,9
DA:70,9
DA:71,9
DA:72,9
DA:75,9
DA:76,1
DA:77,1
DA:78,1
DA:80,0
DA:84,9
DA:85,1
DA:87,1
DA:92,0
DA:94,1
DA:95,1
DA:99,9
DA:100,0
DA:102,0
DA:108,0
DA:109,0
DA:111,0
DA:113,0
DA:114,0
DA:118,9
DA:119,0
DA:121,0
DA:126,0
DA:127,0
DA:131,0
DA:132,0
DA:134,0
DA:138,0
DA:141,0
DA:144,0
DA:146,0
DA:147,0
DA:152,9
DA:153,1
DA:154,1
DA:155,1
DA:157,0
DA:161,9
DA:162,0
DA:163,0
DA:164,0
DA:165,0
DA:167,0
DA:169,0
DA:173,9
DA:174,0
DA:175,0
DA:176,0
DA:177,0
DA:179,0
DA:183,9
DA:184,0
DA:185,0
DA:186,0
DA:187,0
DA:189,0
DA:191,0
DA:196,9
DA:197,1
DA:198,1
DA:199,1
DA:201,0
DA:205,9
DA:206,0
DA:207,0
DA:208,0
DA:209,0
DA:211,0
DA:213,0
DA:217,9
DA:218,0
DA:219,0
DA:220,0
DA:221,0
DA:223,0
DA:227,9
DA:228,0
DA:229,0
DA:230,0
DA:231,0
DA:232,0
DA:234,0
DA:236,0
DA:241,9
DA:242,0
DA:243,0
DA:244,0
DA:246,0
DA:250,9
DA:251,0
DA:252,0
DA:253,0
DA:254,0
DA:256,0
DA:261,9
DA:262,0
DA:263,0
DA:264,0
DA:266,0
DA:270,9
DA:271,0
DA:272,0
DA:273,0
DA:274,0
DA:276,0
DA:278,0
DA:282,9
DA:283,0
DA:284,0
DA:285,0
DA:286,0
DA:288,0
DA:293,9
DA:294,0
DA:295,0
DA:300,0
DA:307,0
DA:312,9
DA:313,2
DA:314,2
DA:315,2
DA:318,2
DA:322,0
DA:323,0
DA:325,2
DA:326,2
DA:335,9
DA:336,0
DA:337,0
DA:342,0
DA:343,0
DA:345,0
DA:347,0
DA:348,0
DA:352,9
DA:353,0
DA:354,0
DA:355,0
DA:357,0
DA:358,0
DA:362,9
DA:363,0
DA:364,0
DA:370,0
DA:371,0
DA:373,0
DA:375,0
DA:376,0
DA:380,9
DA:381,0
DA:382,0
DA:387,0
DA:388,0
DA:390,0
DA:392,0
DA:393,0
DA:398,9
DA:399,0
DA:400,0
DA:401,0
DA:403,0
DA:404,0
DA:407,0
DA:413,0
DA:414,0
DA:416,0
DA:418,0
DA:419,0
DA:424,9
DA:425,0
DA:426,0
DA:429,0
DA:434,0
DA:435,0
DA:439,0
DA:440,0
DA:446,0
DA:449,0
DA:452,0
DA:455,0
DA:460,0
DA:466,0
DA:477,0
DA:483,0
DA:484,0
DA:489,9
DA:490,0
DA:491,0
DA:497,0
DA:499,0
DA:500,0
DA:504,9
DA:505,0
DA:506,0
DA:512,0
DA:513,0
DA:517,0
DA:522,0
DA:525,0
DA:526,0
DA:536,0
DA:538,0
DA:539,0
DA:543,9
DA:544,0
DA:545,0
DA:550,0
DA:551,0
DA:553,0
DA:555,0
DA:556,0
DA:561,9
DA:562,0
DA:563,0
DA:564,0
DA:567,0
DA:568,0
DA:572,0
DA:578,0
DA:579,0
DA:583,0
DA:595,0
DA:597,0
DA:598,0
DA:609,9
DA:610,0
DA:612,0
DA:613,0
DA:616,0
DA:617,0
DA:623,0
DA:625,0
DA:631,0
DA:634,0
DA:639,9
DA:640,0
DA:643,9
DA:644,9
DA:666,1
DA:668,1
DA:669,1
DA:670,1
DA:671,1
DA:673,1
DA:675,1
DA:676,1
DA:677,0
DA:678,0
DA:681,1
DA:682,1
DA:687,0
DA:688,0
DA:689,0
DA:692,1
DA:696,0
DA:700,1
DA:701,1
DA:706,0
DA:707,0
DA:709,0
DA:710,0
DA:711,0
DA:712,0
DA:713,0
DA:714,0
DA:715,0
DA:716,0
DA:718,0
DA:721,1
DA:725,1
DA:726,1
DA:731,1
DA:732,0
DA:734,1
DA:738,1
DA:739,1
DA:740,1
DA:745,0
DA:746,0
DA:748,1
DA:752,1
DA:753,1
DA:754,1
DA:755,1
DA:756,1
DA:759,1
DA:760,1
DA:761,1
DA:764,1
DA:765,1
DA:767,1
DA:768,0
DA:769,0
DA:772,0
DA:773,0
DA:776,0
DA:777,0
DA:782,0
DA:786,1
DA:788,1
DA:798,1
DA:807,1
DA:809,0
DA:811,0
DA:833,1
DA:834,1
DA:835,1
DA:836,1
DA:837,1
DA:839,1
DA:841,1
DA:842,1
DA:843,1
DA:844,1
DA:845,1
DA:847,0
DA:851,1
DA:852,1
DA:853,1
DA:854,1
DA:856,0
DA:860,1
DA:861,1
DA:862,1
DA:863,0
DA:864,0
DA:865,0
DA:866,0
DA:867,0
DA:868,0
DA:869,0
DA:870,0
DA:871,0
DA:872,0
DA:873,0
DA:878,0
DA:880,0
DA:881,0
DA:882,0
DA:884,0
DA:887,1
DA:890,0
DA:894,1
DA:895,1
DA:897,1
DA:898,1
DA:899,1
DA:901,0
DA:905,1
DA:906,1
DA:907,1
DA:910,1
DA:911,1
DA:913,0
DA:918,0
DA:919,0
DA:920,0
DA:921,0
DA:922,0
DA:925,1
DA:943,1
DA:947,1
DA:948,1
DA:949,1
DA:958,0
DA:965,1
DA:966,1
DA:967,0
DA:976,1
DA:983,1
DA:984,1
DA:985,1
DA:994,0
DA:1001,1
DA:1002,1
DA:1003,1
DA:1004,0
DA:1013,1
DA:1019,1
DA:1020,1
DA:1021,1
DA:1022,1
DA:1031,0
DA:1037,1
DA:1038,1
DA:1039,1
DA:1040,0
DA:1049,1
DA:1055,1
DA:1056,1
DA:1057,1
DA:1058,0
DA:1067,1
DA:1073,1
DA:1074,1
DA:1075,1
DA:1076,0
DA:1085,1
DA:1091,1
DA:1092,1
DA:1093,1
DA:1094,1
DA:1103,0
DA:1125,1
DA:1127,0
DA:1128,0
DA:1129,0
DA:1131,0
DA:1142,1
DA:1143,1
DA:1146,1
DA:1147,9
DA:1148,9
DA:1149,9
DA:1150,9
DA:1151,9
DA:1154,0
DA:1160,1
DA:1162,1
DA:1165,0
DA:1166,0
DA:1169,0
DA:1173,1
LF:454
LH:195
BRDA:34,0,0,0
BRDA:34,0,1,1
BRDA:108,1,0,0
BRDA:108,1,1,0
BRDA:126,2,0,0
BRDA:126,2,1,0
BRDA:164,3,0,0
BRDA:164,3,1,0
BRDA:186,4,0,0
BRDA:186,4,1,0
BRDA:208,5,0,0
BRDA:208,5,1,0
BRDA:231,6,0,0
BRDA:231,6,1,0
BRDA:273,7,0,0
BRDA:273,7,1,0
BRDA:319,8,0,1
BRDA:319,8,1,1
BRDA:330,9,0,2
BRDA:330,9,1,0
BRDA:342,10,0,0
BRDA:342,10,1,0
BRDA:370,11,0,0
BRDA:370,11,1,0
BRDA:387,12,0,0
BRDA:387,12,1,0
BRDA:403,13,0,0
BRDA:403,13,1,0
BRDA:413,14,0,0
BRDA:413,14,1,0
BRDA:434,15,0,0
BRDA:434,15,1,0
BRDA:439,16,0,0
BRDA:439,16,1,0
BRDA:512,17,0,0
BRDA:512,17,1,0
BRDA:525,18,0,0
BRDA:525,18,1,0
BRDA:550,19,0,0
BRDA:550,19,1,0
BRDA:567,20,0,0
BRDA:567,20,1,0
BRDA:567,21,0,0
BRDA:567,21,1,0
BRDA:578,22,0,0
BRDA:578,22,1,0
BRDA:588,23,0,0
BRDA:588,23,1,0
BRDA:616,24,0,0
BRDA:616,24,1,0
BRDA:616,25,0,0
BRDA:616,25,1,0
BRDA:616,26,0,0
BRDA:616,26,1,0
BRDA:676,27,0,0
BRDA:676,27,1,1
BRDA:678,28,0,0
BRDA:678,28,1,0
BRDA:678,29,0,0
BRDA:678,29,1,0
BRDA:678,30,0,0
BRDA:678,30,1,0
BRDA:678,31,0,0
BRDA:678,31,1,0
BRDA:678,32,0,0
BRDA:678,32,1,0
BRDA:687,33,0,0
BRDA:687,33,1,0
BRDA:689,34,0,0
BRDA:689,34,1,0
BRDA:689,35,0,0
BRDA:689,35,1,0
BRDA:689,36,0,0
BRDA:689,36,1,0
BRDA:689,37,0,0
BRDA:689,37,1,0
BRDA:689,38,0,0
BRDA:689,38,1,0
BRDA:706,39,0,0
BRDA:706,39,1,0
BRDA:707,40,0,0
BRDA:707,40,1,0
BRDA:709,41,0,0
BRDA:709,41,1,0
BRDA:709,42,0,0
BRDA:709,42,1,0
BRDA:711,43,0,0
BRDA:711,43,1,0
BRDA:711,44,0,0
BRDA:711,44,1,0
BRDA:713,45,0,0
BRDA:713,45,1,0
BRDA:715,46,0,0
BRDA:715,46,1,0
BRDA:732,47,0,0
BRDA:732,47,1,0
BRDA:732,48,0,0
BRDA:732,48,1,0
BRDA:732,49,0,0
BRDA:732,49,1,0
BRDA:732,50,0,0
BRDA:732,50,1,0
BRDA:732,51,0,0
BRDA:732,51,1,0
BRDA:746,52,0,0
BRDA:746,52,1,0
BRDA:755,53,0,1
BRDA:755,53,1,0
BRDA:760,54,0,1
BRDA:760,54,1,0
BRDA:767,55,0,0
BRDA:767,55,1,1
BRDA:767,56,0,1
BRDA:767,56,1,1
BRDA:772,57,0,0
BRDA:772,57,1,0
BRDA:773,58,0,0
BRDA:773,58,1,0
BRDA:862,59,0,0
BRDA:862,59,1,1
BRDA:870,60,0,0
BRDA:870,60,1,0
BRDA:872,61,0,0
BRDA:872,61,1,0
BRDA:872,62,0,0
BRDA:872,62,1,0
BRDA:880,63,0,0
BRDA:880,63,1,0
BRDA:906,64,0,1
BRDA:906,64,1,0
BRDA:907,65,0,1
BRDA:907,65,1,1
BRDA:948,66,0,1
BRDA:948,66,1,0
BRDA:953,67,0,1
BRDA:953,67,1,0
BRDA:966,68,0,0
BRDA:966,68,1,1
BRDA:971,69,0,0
BRDA:971,69,1,0
BRDA:984,70,0,1
BRDA:984,70,1,0
BRDA:989,71,0,0
BRDA:989,71,1,1
BRDA:989,72,0,0
BRDA:989,72,1,1
BRDA:1002,73,0,1
BRDA:1002,73,1,0
BRDA:1003,74,0,0
BRDA:1003,74,1,1
BRDA:1008,75,0,0
BRDA:1008,75,1,0
BRDA:1020,76,0,1
BRDA:1020,76,1,0
BRDA:1021,77,0,1
BRDA:1021,77,1,0
BRDA:1026,78,0,1
BRDA:1026,78,1,0
BRDA:1038,79,0,1
BRDA:1038,79,1,0
BRDA:1039,80,0,0
BRDA:1039,80,1,1
BRDA:1044,81,0,0
BRDA:1044,81,1,0
BRDA:1056,82,0,1
BRDA:1056,82,1,0
BRDA:1057,83,0,0
BRDA:1057,83,1,1
BRDA:1062,84,0,0
BRDA:1062,84,1,0
BRDA:1074,85,0,1
BRDA:1074,85,1,0
BRDA:1075,86,0,0
BRDA:1075,86,1,1
BRDA:1080,87,0,0
BRDA:1080,87,1,0
BRDA:1092,88,0,1
BRDA:1092,88,1,0
BRDA:1093,89,0,1
BRDA:1093,89,1,0
BRDA:1098,90,0,1
BRDA:1098,90,1,0
BRDA:1128,91,0,0
BRDA:1128,91,1,0
BRDA:1149,92,0,9
BRDA:1149,92,1,0
BRDA:1149,93,0,9
BRDA:1149,93,1,9
BRDA:1160,94,0,1
BRDA:1160,94,1,0
BRF:190
BRH:38
end_of_record
TN:
SF:server/api/ai-monitoring.ts
FN:17,getAIMetrics
FN:42,(anonymous_9)
FN:45,(anonymous_10)
FN:48,(anonymous_11)
FN:49,(anonymous_12)
FN:50,(anonymous_13)
FN:97,getAIInteractions
FN:116,getAIInsights
FN:135,triggerAIAnalysis
FN:200,(anonymous_20)
FN:222,applyAISuggestion
FN:273,updateAIMetrics
FN:290,(anonymous_25)
FN:293,(anonymous_26)
FN:296,(anonymous_27)
FN:298,(anonymous_28)
FN:339,recordAIInteraction
FNF:17
FNH:0
FNDA:0,getAIMetrics
FNDA:0,(anonymous_9)
FNDA:0,(anonymous_10)
FNDA:0,(anonymous_11)
FNDA:0,(anonymous_12)
FNDA:0,(anonymous_13)
FNDA:0,getAIInteractions
FNDA:0,getAIInsights
FNDA:0,triggerAIAnalysis
FNDA:0,(anonymous_20)
FNDA:0,applyAISuggestion
FNDA:0,updateAIMetrics
FNDA:0,(anonymous_25)
FNDA:0,(anonymous_26)
FNDA:0,(anonymous_27)
FNDA:0,(anonymous_28)
FNDA:0,recordAIInteraction
DA:2,1
DA:3,1
DA:11,1
DA:17,1
DA:18,0
DA:20,0
DA:21,0
DA:24,0
DA:30,0
DA:32,0
DA:37,0
DA:41,0
DA:42,0
DA:43,0
DA:44,0
DA:45,0
DA:48,0
DA:49,0
DA:50,0
DA:53,0
DA:56,0
DA:59,0
DA:71,0
DA:77,0
DA:88,0
DA:89,0
DA:97,1
DA:98,0
DA:99,0
DA:105,0
DA:107,0
DA:108,0
DA:116,1
DA:117,0
DA:118,0
DA:124,0
DA:126,0
DA:127,0
DA:135,1
DA:136,0
DA:138,0
DA:151,0
DA:154,0
DA:198,0
DA:199,0
DA:200,0
DA:203,0
DA:206,0
DA:208,0
DA:213,0
DA:214,0
DA:222,1
DA:223,0
DA:224,0
DA:227,0
DA:237,0
DA:238,0
DA:242,0
DA:255,0
DA:258,0
DA:260,0
DA:265,0
DA:266,0
DA:274,0
DA:275,0
DA:276,0
DA:279,0
DA:285,0
DA:289,0
DA:290,0
DA:291,0
DA:292,0
DA:293,0
DA:296,0
DA:297,0
DA:298,0
DA:300,0
DA:303,0
DA:306,0
DA:339,1
DA:340,0
DA:341,0
DA:343,0
DA:349,0
DA:351,0
DA:353,0
DA:354,0
LF:87
LH:9
BRDA:30,0,0,0
BRDA:30,0,1,0
BRDA:43,1,0,0
BRDA:43,1,1,0
BRDA:44,2,0,0
BRDA:44,2,1,0
BRDA:53,3,0,0
BRDA:53,3,1,0
BRDA:78,4,0,0
BRDA:78,4,1,0
BRDA:79,5,0,0
BRDA:79,5,1,0
BRDA:80,6,0,0
BRDA:80,6,1,0
BRDA:81,7,0,0
BRDA:81,7,1,0
BRDA:82,8,0,0
BRDA:82,8,1,0
BRDA:83,9,0,0
BRDA:83,9,1,0
BRDA:84,10,0,0
BRDA:84,10,1,0
BRDA:85,11,0,0
BRDA:85,11,1,0
BRDA:237,12,0,0
BRDA:237,12,1,0
BRDA:291,13,0,0
BRDA:291,13,1,0
BRDA:292,14,0,0
BRDA:292,14,1,0
BRDA:300,15,0,0
BRDA:300,15,1,0
BRF:32
BRH:0
end_of_record
TN:
SF:server/api/organizations.ts
FN:15,registerOrganizationRoutes
FN:19,(anonymous_8)
FN:19,(anonymous_9)
FN:35,(anonymous_10)
FN:35,(anonymous_11)
FN:67,(anonymous_12)
FN:67,(anonymous_13)
FN:102,(anonymous_14)
FN:102,(anonymous_15)
FN:149,(anonymous_16)
FN:149,(anonymous_17)
FN:189,(anonymous_18)
FN:189,(anonymous_19)
FNF:13
FNH:3
FNDA:9,registerOrganizationRoutes
FNDA:2,(anonymous_8)
FNDA:2,(anonymous_9)
FNDA:0,(anonymous_10)
FNDA:0,(anonymous_11)
FNDA:0,(anonymous_12)
FNDA:0,(anonymous_13)
FNDA:0,(anonymous_14)
FNDA:0,(anonymous_15)
FNDA:0,(anonymous_16)
FNDA:0,(anonymous_17)
FNDA:0,(anonymous_18)
FNDA:0,(anonymous_19)
DA:2,1
DA:3,1
DA:8,1
DA:15,1
DA:19,9
DA:20,2
DA:21,2
DA:22,1
DA:24,1
DA:25,1
DA:35,9
DA:36,0
DA:37,0
DA:39,0
DA:40,0
DA:46,0
DA:47,0
DA:48,0
DA:54,0
DA:56,0
DA:57,0
DA:67,9
DA:68,0
DA:69,0
DA:72,0
DA:73,0
DA:74,0
DA:80,0
DA:81,0
DA:83,0
DA:84,0
DA:91,0
DA:92,0
DA:102,9
DA:103,0
DA:104,0
DA:106,0
DA:107,0
DA:113,0
DA:114,0
DA:116,0
DA:121,0
DA:122,0
DA:128,0
DA:130,0
DA:131,0
DA:138,0
DA:139,0
DA:149,9
DA:150,0
DA:151,0
DA:153,0
DA:154,0
DA:161,0
DA:166,0
DA:167,0
DA:173,0
DA:178,0
DA:179,0
DA:189,9
DA:190,0
DA:191,0
DA:193,0
DA:194,0
DA:201,0
DA:202,0
DA:203,0
DA:209,0
DA:210,0
DA:212,0
DA:213,0
LF:71
LH:15
BRDA:39,0,0,0
BRDA:39,0,1,0
BRDA:47,1,0,0
BRDA:47,1,1,0
BRDA:73,2,0,0
BRDA:73,2,1,0
BRDA:83,3,0,0
BRDA:83,3,1,0
BRDA:106,4,0,0
BRDA:106,4,1,0
BRDA:121,5,0,0
BRDA:121,5,1,0
BRDA:130,6,0,0
BRDA:130,6,1,0
BRDA:153,7,0,0
BRDA:153,7,1,0
BRDA:166,8,0,0
BRDA:166,8,1,0
BRDA:193,9,0,0
BRDA:193,9,1,0
BRDA:202,10,0,0
BRDA:202,10,1,0
BRF:22
BRH:0
end_of_record
TN:
SF:server/api/users.ts
FN:11,registerUserRoutes
FN:15,(anonymous_9)
FN:15,(anonymous_10)
FN:31,(anonymous_11)
FN:31,(anonymous_12)
FN:65,(anonymous_13)
FN:65,(anonymous_14)
FN:99,(anonymous_15)
FN:99,(anonymous_16)
FN:137,(anonymous_17)
FN:137,(anonymous_18)
FN:187,(anonymous_19)
FN:187,(anonymous_20)
FNF:13
FNH:13
FNDA:40,registerUserRoutes
FNDA:5,(anonymous_9)
FNDA:5,(anonymous_10)
FNDA:3,(anonymous_11)
FNDA:3,(anonymous_12)
FNDA:4,(anonymous_13)
FNDA:4,(anonymous_14)
FNDA:15,(anonymous_15)
FNDA:15,(anonymous_16)
FNDA:5,(anonymous_17)
FNDA:5,(anonymous_18)
FNDA:3,(anonymous_19)
FNDA:3,(anonymous_20)
DA:2,2
DA:3,2
DA:4,2
DA:11,2
DA:15,40
DA:16,5
DA:17,5
DA:18,3
DA:20,2
DA:21,2
DA:31,40
DA:32,3
DA:33,3
DA:35,3
DA:36,0
DA:42,3
DA:43,2
DA:44,1
DA:51,1
DA:52,1
DA:54,1
DA:55,1
DA:65,40
DA:66,4
DA:67,4
DA:69,4
DA:70,0
DA:76,4
DA:77,3
DA:78,1
DA:85,2
DA:86,2
DA:88,1
DA:89,1
DA:99,40
DA:100,15
DA:101,15
DA:104,10
DA:105,10
DA:106,1
DA:112,9
DA:115,8
DA:116,8
DA:118,6
DA:119,5
DA:126,1
DA:127,1
DA:137,40
DA:138,5
DA:139,5
DA:141,5
DA:142,0
DA:149,5
DA:150,5
DA:152,4
DA:157,3
DA:158,1
DA:165,2
DA:166,2
DA:168,2
DA:169,1
DA:176,1
DA:177,1
DA:187,40
DA:188,3
DA:189,3
DA:191,3
DA:192,0
DA:199,3
DA:204,2
DA:205,1
DA:211,1
DA:216,1
DA:217,1
LF:74
LH:70
BRDA:35,0,0,0
BRDA:35,0,1,3
BRDA:43,1,0,1
BRDA:43,1,1,1
BRDA:69,2,0,0
BRDA:69,2,1,4
BRDA:77,3,0,1
BRDA:77,3,1,2
BRDA:105,4,0,1
BRDA:105,4,1,9
BRDA:118,5,0,5
BRDA:118,5,1,1
BRDA:141,6,0,0
BRDA:141,6,1,5
BRDA:157,7,0,1
BRDA:157,7,1,2
BRDA:168,8,0,1
BRDA:168,8,1,1
BRDA:191,9,0,0
BRDA:191,9,1,3
BRDA:204,10,0,1
BRDA:204,10,1,1
BRF:22
BRH:18
end_of_record
TN:
SF:server/services/gemini-analysis.ts
FN:18,analyzeFeatureWithGemini
FN:161,formatActionableItemsForDatabase
FN:165,(anonymous_10)
FN:179,getDocumentationContext
FNF:4
FNH:0
FNDA:0,analyzeFeatureWithGemini
FNDA:0,formatActionableItemsForDatabase
FNDA:0,(anonymous_10)
FNDA:0,getDocumentationContext
DA:18,0
DA:23,0
DA:25,0
DA:26,0
DA:29,0
DA:81,0
DA:82,0
DA:140,0
DA:141,0
DA:142,0
DA:145,0
DA:148,0
DA:149,0
DA:150,0
DA:151,0
DA:153,0
DA:156,0
DA:157,0
DA:161,0
DA:165,0
DA:179,0
DA:182,0
LF:22
LH:0
BRDA:25,0,0,0
BRDA:25,0,1,0
BRDA:40,1,0,0
BRDA:40,1,1,0
BRDA:41,2,0,0
BRDA:41,2,1,0
BRDA:42,3,0,0
BRDA:42,3,1,0
BRDA:43,4,0,0
BRDA:43,4,1,0
BRDA:44,5,0,0
BRDA:44,5,1,0
BRDA:45,6,0,0
BRDA:45,6,1,0
BRDA:140,7,0,0
BRDA:140,7,1,0
BRDA:148,8,0,0
BRDA:148,8,1,0
BRDA:148,9,0,0
BRDA:148,9,1,0
BRDA:148,9,2,0
BRDA:150,10,0,0
BRDA:150,10,1,0
BRDA:173,11,0,0
BRDA:173,11,1,0
BRF:25
BRH:0
end_of_record
TN:
SF:shared/schema.ts
FN:215,(anonymous_0)
FN:244,(anonymous_1)
FN:266,(anonymous_2)
FN:269,(anonymous_3)
FN:284,(anonymous_4)
FN:299,(anonymous_5)
FN:310,(anonymous_6)
FN:313,(anonymous_7)
FN:314,(anonymous_8)
FN:336,(anonymous_9)
FN:344,(anonymous_10)
FN:349,(anonymous_11)
FN:358,(anonymous_12)
FN:359,(anonymous_13)
FN:360,(anonymous_14)
FN:371,(anonymous_15)
FN:382,(anonymous_16)
FN:812,(anonymous_17)
FN:813,(anonymous_18)
FN:835,(anonymous_19)
FN:980,(anonymous_20)
FN:1013,(anonymous_21)
FN:1018,(anonymous_22)
FN:1028,(anonymous_23)
FN:1039,(anonymous_24)
FN:1049,(anonymous_25)
FN:1060,(anonymous_26)
FN:1071,(anonymous_27)
FN:1086,(anonymous_28)
FN:1101,(anonymous_29)
FN:1120,(anonymous_30)
FN:1127,(anonymous_31)
FN:1139,(anonymous_32)
FN:1146,(anonymous_33)
FNF:34
FNH:13
FNDA:0,(anonymous_0)
FNDA:0,(anonymous_1)
FNDA:0,(anonymous_2)
FNDA:0,(anonymous_3)
FNDA:0,(anonymous_4)
FNDA:0,(anonymous_5)
FNDA:0,(anonymous_6)
FNDA:0,(anonymous_7)
FNDA:0,(anonymous_8)
FNDA:0,(anonymous_9)
FNDA:0,(anonymous_10)
FNDA:0,(anonymous_11)
FNDA:0,(anonymous_12)
FNDA:0,(anonymous_13)
FNDA:0,(anonymous_14)
FNDA:0,(anonymous_15)
FNDA:0,(anonymous_16)
FNDA:0,(anonymous_17)
FNDA:0,(anonymous_18)
FNDA:0,(anonymous_19)
FNDA:0,(anonymous_20)
FNDA:2,(anonymous_21)
FNDA:2,(anonymous_22)
FNDA:2,(anonymous_23)
FNDA:2,(anonymous_24)
FNDA:2,(anonymous_25)
FNDA:2,(anonymous_26)
FNDA:2,(anonymous_27)
FNDA:2,(anonymous_28)
FNDA:2,(anonymous_29)
FNDA:2,(anonymous_30)
FNDA:2,(anonymous_31)
FNDA:2,(anonymous_32)
FNDA:2,(anonymous_33)
DA:1,4
DA:2,4
DA:15,4
DA:16,4
DA:17,4
DA:24,4
DA:35,4
DA:45,4
DA:52,4
DA:64,4
DA:74,4
DA:95,4
DA:106,4
DA:113,4
DA:120,4
DA:127,4
DA:134,4
DA:141,4
DA:152,4
DA:165,4
DA:186,4
DA:209,4
DA:215,0
DA:238,4
DA:244,0
DA:260,4
DA:266,0
DA:269,0
DA:278,4
DA:284,0
DA:299,0
DA:304,4
DA:310,0
DA:313,0
DA:314,0
DA:330,4
DA:336,0
DA:344,0
DA:349,0
DA:354,4
DA:358,0
DA:359,0
DA:360,0
DA:371,0
DA:376,4
DA:382,0
DA:397,4
DA:410,4
DA:419,4
DA:428,4
DA:439,4
DA:456,4
DA:469,4
DA:486,4
DA:500,4
DA:508,4
DA:524,4
DA:538,4
DA:549,4
DA:564,4
DA:573,4
DA:581,4
DA:586,4
DA:591,4
DA:754,4
DA:768,4
DA:792,4
DA:812,0
DA:813,0
DA:829,4
DA:835,0
DA:851,4
DA:874,4
DA:912,4
DA:922,4
DA:934,4
DA:944,4
DA:954,4
DA:971,4
DA:980,0
DA:989,4
DA:1013,4
DA:1018,4
DA:1028,4
DA:1039,4
DA:1049,4
DA:1060,4
DA:1071,4
DA:1086,4
DA:1101,4
DA:1120,4
DA:1127,4
DA:1139,4
DA:1146,4
LF:94
LH:73
BRF:0
BRH:0
end_of_record
